Device mapping:
/job:localhost/replica:0/task:0/gpu:0 -> device: 0, name: GeForce GTX 1080, pci bus id: 0000:04:00.0
autoencoder_variables/biases3: (VariableV2): /job:localhost/replica:0/task:0/gpu:0
autoencoder_variables/biases3/read: (Identity): /job:localhost/replica:0/task:0/gpu:0
autoencoder_variables/biases3/Assign: (Assign): /job:localhost/replica:0/task:0/gpu:0
autoencoder_variables/weights3: (VariableV2): /job:localhost/replica:0/task:0/gpu:0
autoencoder_variables/weights3/read: (Identity): /job:localhost/replica:0/task:0/gpu:0
autoencoder_variables/random_uniform_2/RandomUniform: (RandomUniform): /job:localhost/replica:0/task:0/gpu:0
autoencoder_variables/Sqrt_2: (Sqrt): /job:localhost/replica:0/task:0/gpu:0
autoencoder_variables/Mul_2: (Mul): /job:localhost/replica:0/task:0/gpu:0
autoencoder_variables/mul_2: (Mul): /job:localhost/replica:0/task:0/gpu:0
autoencoder_variables/random_uniform_2/sub: (Sub): /job:localhost/replica:0/task:0/gpu:0
autoencoder_variables/random_uniform_2/mul: (Mul): /job:localhost/replica:0/task:0/gpu:0
autoencoder_variables/random_uniform_2: (Add): /job:localhost/replica:0/task:0/gpu:0
autoencoder_variables/weights3/Assign: (Assign): /job:localhost/replica:0/task:0/gpu:0
autoencoder_variables/biases2_out: (VariableV2): /job:localhost/replica:0/task:0/gpu:0
autoencoder_variables/biases2_out/read: (Identity): /job:localhost/replica:0/task:0/gpu:0
autoencoder_variables/biases2_out/Assign: (Assign): /job:localhost/replica:0/task:0/gpu:0
autoencoder_variables/biases2_fixed: (VariableV2): /job:localhost/replica:0/task:0/gpu:0
autoencoder_variables/biases2_fixed/read: (Identity): /job:localhost/replica:0/task:0/gpu:0
autoencoder_variables/weights2_fixed: (VariableV2): /job:localhost/replica:0/task:0/gpu:0
autoencoder_variables/weights2_fixed/read: (Identity): /job:localhost/replica:0/task:0/gpu:0
autoencoder_variables/biases2: (VariableV2): /job:localhost/replica:0/task:0/gpu:0
autoencoder_variables/biases2/read: (Identity): /job:localhost/replica:0/task:0/gpu:0
autoencoder_variables/Identity_3: (Identity): /job:localhost/replica:0/task:0/gpu:0
autoencoder_variables/biases2_fixed/Assign: (Assign): /job:localhost/replica:0/task:0/gpu:0
autoencoder_variables/biases2/Assign: (Assign): /job:localhost/replica:0/task:0/gpu:0
autoencoder_variables/weights2: (VariableV2): /job:localhost/replica:0/task:0/gpu:0
autoencoder_variables/weights2/read: (Identity): /job:localhost/replica:0/task:0/gpu:0
autoencoder_variables/Identity_2: (Identity): /job:localhost/replica:0/task:0/gpu:0
autoencoder_variables/weights2_fixed/Assign: (Assign): /job:localhost/replica:0/task:0/gpu:0
autoencoder_variables/random_uniform_1/RandomUniform: (RandomUniform): /job:localhost/replica:0/task:0/gpu:0
autoencoder_variables/Sqrt_1: (Sqrt): /job:localhost/replica:0/task:0/gpu:0
autoencoder_variables/Mul_1: (Mul): /job:localhost/replica:0/task:0/gpu:0
autoencoder_variables/mul_1: (Mul): /job:localhost/replica:0/task:0/gpu:0
autoencoder_variables/random_uniform_1/sub: (Sub): /job:localhost/replica:0/task:0/gpu:0
autoencoder_variables/random_uniform_1/mul: (Mul): /job:localhost/replica:0/task:0/gpu:0
autoencoder_variables/random_uniform_1: (Add): /job:localhost/replica:0/task:0/gpu:0
autoencoder_variables/weights2/Assign: (Assign): /job:localhost/replica:0/task:0/gpu:0
autoencoder_variables/biases1_out: (VariableV2): /job:localhost/replica:0/task:0/gpu:0
autoencoder_variables/biases1_out/read: (Identity): /job:localhost/replica:0/task:0/gpu:0
autoencoder_variables/biases1_out/Assign: (Assign): /job:localhost/replica:0/task:0/gpu:0
autoencoder_variables/biases1_fixed: (VariableV2): /job:localhost/replica:0/task:0/gpu:0
autoencoder_variables/biases1_fixed/read: (Identity): /job:localhost/replica:0/task:0/gpu:0
autoencoder_variables/weights1_fixed: (VariableV2): /job:localhost/replica:0/task:0/gpu:0
autoencoder_variables/weights1_fixed/read: (Identity): /job:localhost/replica:0/task:0/gpu:0
autoencoder_variables/biases1: (VariableV2): /job:localhost/replica:0/task:0/gpu:0
autoencoder_variables/biases1/read: (Identity): /job:localhost/replica:0/task:0/gpu:0
autoencoder_variables/Identity_1: (Identity): /job:localhost/replica:0/task:0/gpu:0
autoencoder_variables/biases1_fixed/Assign: (Assign): /job:localhost/replica:0/task:0/gpu:0
autoencoder_variables/biases1/Assign: (Assign): /job:localhost/replica:0/task:0/gpu:0
autoencoder_variables/weights1: (VariableV2): /job:localhost/replica:0/task:0/gpu:0
autoencoder_variables/weights1/read: (Identity): /job:localhost/replica:0/task:0/gpu:0
autoencoder_variables/Identity: (Identity): /job:localhost/replica:0/task:0/gpu:0
autoencoder_variables/weights1_fixed/Assign: (Assign): /job:localhost/replica:0/task:0/gpu:0
autoencoder_variables/random_uniform/RandomUniform: (RandomUniform): /job:localhost/replica:0/task:0/gpu:0
autoencoder_variables/Sqrt: (Sqrt): /job:localhost/replica:0/task:0/gpu:0
autoencoder_variables/Mul: (Mul): /job:localhost/replica:0/task:0/gpu:0
autoencoder_variables/mul: (Mul): /job:localhost/replica:0/task:0/gpu:0
autoencoder_variables/random_uniform/sub: (Sub): /job:localhost/replica:0/task:0/gpu:0
autoencoder_variables/random_uniform/mul: (Mul): /job:localhost/replica:0/task:0/gpu:0
autoencoder_variables/random_uniform: (Add): /job:localhost/replica:0/task:0/gpu:0
autoencoder_variables/weights1/Assign: (Assign): /job:localhost/replica:0/task:0/gpu:0
init: (NoOp): /job:localhost/replica:0/task:0/gpu:0
autoencoder_variables/zeros_4: (Const): /job:localhost/replica:0/task:0/gpu:0
autoencoder_variables/random_uniform_2/shape: (Const): /job:localhost/replica:0/task:0/gpu:0
autoencoder_variables/mul_2/x: (Const): /job:localhost/replica:0/task:0/gpu:0
autoencoder_variables/Mul_2/x: (Const): /job:localhost/replica:0/task:0/gpu:0
autoencoder_variables/Sqrt_2/x: (Const): /job:localhost/replica:0/task:0/gpu:0
autoencoder_variables/zeros_3: (Const): /job:localhost/replica:0/task:0/gpu:0
autoencoder_variables/zeros_2: (Const): /job:localhost/replica:0/task:0/gpu:0
autoencoder_variables/random_uniform_1/shape: (Const): /job:localhost/replica:0/task:0/gpu:0
autoencoder_variables/mul_1/x: (Const): /job:localhost/replica:0/task:0/gpu:0
autoencoder_variables/Mul_1/x: (Const): /job:localhost/replica:0/task:0/gpu:0
autoencoder_variables/Sqrt_1/x: (Const): /job:localhost/replica:0/task:0/gpu:0
autoencoder_variables/zeros_1: (Const): /job:localhost/replica:0/task:0/gpu:0
autoencoder_variables/zeros: (Const): /job:localhost/replica:0/task:0/gpu:0
autoencoder_variables/random_uniform/shape: (Const): /job:localhost/replica:0/task:0/gpu:0
autoencoder_variables/mul/x: (Const): /job:localhost/replica:0/task:0/gpu:0
autoencoder_variables/Mul/x: (Const): /job:localhost/replica:0/task:0/gpu:0
autoencoder_variables/Sqrt/x: (Const): /job:localhost/replica:0/task:0/gpu:0
pretrain_1/gradients/pretrain_1/Maximum_grad/zeros: (Fill): /job:localhost/replica:0/task:0/gpu:0
pretrain_1/gradients/pretrain_1/Maximum_grad/BroadcastGradientArgs: (BroadcastGradientArgs): /job:localhost/replica:0/task:0/gpu:0
pretrain_1/gradients/pretrain_1/Minimum_grad/zeros: (Fill): /job:localhost/replica:0/task:0/gpu:0
pretrain_1/gradients/pretrain_1/Minimum_grad/BroadcastGradientArgs: (BroadcastGradientArgs): /job:localhost/replica:0/task:0/gpu:0
pretrain_1/gradients/pretrain_1/xentropy_loss/sub_grad/BroadcastGradientArgs: (BroadcastGradientArgs): /job:localhost/replica:0/task:0/gpu:0
pretrain_1/gradients/pretrain_1/xentropy_loss/Mul_1_grad/BroadcastGradientArgs: (BroadcastGradientArgs): /job:localhost/replica:0/task:0/gpu:0
pretrain_1/gradients/pretrain_1/xentropy_loss/Mul_grad/BroadcastGradientArgs: (BroadcastGradientArgs): /job:localhost/replica:0/task:0/gpu:0
pretrain_1/gradients/pretrain_1/xentropy_loss/Add_grad/BroadcastGradientArgs: (BroadcastGradientArgs): /job:localhost/replica:0/task:0/gpu:0
pretrain_1/gradients/pretrain_1/xentropy_loss/Sum_grad/Fill: (Fill): /job:localhost/replica:0/task:0/gpu:0
pretrain_1/gradients/pretrain_1/xentropy_loss/Sum_grad/range: (Range): /job:localhost/replica:0/task:0/gpu:0
pretrain_1/gradients/pretrain_1/xentropy_loss/xentropy_mean_grad/Prod_1: (Prod): /job:localhost/replica:0/task:0/gpu:0
pretrain_1/gradients/pretrain_1/xentropy_loss/xentropy_mean_grad/Maximum: (Maximum): /job:localhost/replica:0/task:0/gpu:0
pretrain_1/gradients/pretrain_1/xentropy_loss/xentropy_mean_grad/Prod: (Prod): /job:localhost/replica:0/task:0/gpu:0
pretrain_1/gradients/pretrain_1/xentropy_loss/xentropy_mean_grad/floordiv: (FloorDiv): /job:localhost/replica:0/task:0/gpu:0
pretrain_1/gradients/pretrain_1/xentropy_loss/xentropy_mean_grad/Cast: (Cast): /job:localhost/replica:0/task:0/gpu:0
pretrain_1/gradients/pretrain_1/xentropy_loss/mul_grad/BroadcastGradientArgs: (BroadcastGradientArgs): /job:localhost/replica:0/task:0/gpu:0
pretrain_1/gradients/Fill: (Fill): /job:localhost/replica:0/task:0/gpu:0
pretrain_1/global_step: (VariableV2): /job:localhost/replica:0/task:0/cpu:0
pretrain_1/global_step/read: (Identity): /job:localhost/replica:0/task:0/cpu:0
pretrain_1/global_step/Assign: (Assign): /job:localhost/replica:0/task:0/cpu:0
pretrain_1/init: (NoOp): /job:localhost/replica:0/task:0/gpu:0
pretrain_1/gradients/pretrain_1/xentropy_loss/mul_grad/mul_1: (Mul): /job:localhost/replica:0/task:0/gpu:0
pretrain_1/gradients/pretrain_1/xentropy_loss/mul_grad/Sum_1: (Sum): /job:localhost/replica:0/task:0/gpu:0
pretrain_1/gradients/pretrain_1/xentropy_loss/mul_grad/Reshape_1: (Reshape): /job:localhost/replica:0/task:0/gpu:0
pretrain_1/gradients/pretrain_1/xentropy_loss/Sum_grad/add: (Add): /job:localhost/replica:0/task:0/gpu:0
pretrain_1/gradients/pretrain_1/xentropy_loss/Sum_grad/mod: (FloorMod): /job:localhost/replica:0/task:0/gpu:0
pretrain_1/gradients/pretrain_1/xentropy_loss/Sum_grad/DynamicStitch: (DynamicStitch): /job:localhost/replica:0/task:0/gpu:0
pretrain_1/gradients/pretrain_1/xentropy_loss/Sum_grad/Maximum: (Maximum): /job:localhost/replica:0/task:0/gpu:0
pretrain_1/gradients/pretrain_1/xentropy_loss/Sum_grad/floordiv: (FloorDiv): /job:localhost/replica:0/task:0/gpu:0
pretrain_1/xentropy_loss/sub_1: (Sub): /job:localhost/replica:0/task:0/gpu:0
autoencoder_variables/biases3: (VariableV2): /job:localhost/replica:0/task:0/gpu:0
autoencoder_variables/biases3/read: (Identity): /job:localhost/replica:0/task:0/gpu:0
autoencoder_variables/biases3/Assign: (Assign): /job:localhost/replica:0/task:0/gpu:0
autoencoder_variables/weights3: (VariableV2): /job:localhost/replica:0/task:0/gpu:0
autoencoder_variables/weights3/read: (Identity): /job:localhost/replica:0/task:0/gpu:0
autoencoder_variables/random_uniform_2/RandomUniform: (RandomUniform): /job:localhost/replica:0/task:0/gpu:0
autoencoder_variables/Sqrt_2: (Sqrt): /job:localhost/replica:0/task:0/gpu:0
autoencoder_variables/Mul_2: (Mul): /job:localhost/replica:0/task:0/gpu:0
autoencoder_variables/mul_2: (Mul): /job:localhost/replica:0/task:0/gpu:0
autoencoder_variables/random_uniform_2/sub: (Sub): /job:localhost/replica:0/task:0/gpu:0
autoencoder_variables/random_uniform_2/mul: (Mul): /job:localhost/replica:0/task:0/gpu:0
autoencoder_variables/random_uniform_2: (Add): /job:localhost/replica:0/task:0/gpu:0
autoencoder_variables/weights3/Assign: (Assign): /job:localhost/replica:0/task:0/gpu:0
autoencoder_variables/biases2_out: (VariableV2): /job:localhost/replica:0/task:0/gpu:0
autoencoder_variables/biases2_out/read: (Identity): /job:localhost/replica:0/task:0/gpu:0
autoencoder_variables/biases2_out/Assign: (Assign): /job:localhost/replica:0/task:0/gpu:0
autoencoder_variables/biases2_fixed: (VariableV2): /job:localhost/replica:0/task:0/gpu:0
autoencoder_variables/biases2_fixed/read: (Identity): /job:localhost/replica:0/task:0/gpu:0
autoencoder_variables/weights2_fixed: (VariableV2): /job:localhost/replica:0/task:0/gpu:0
autoencoder_variables/weights2_fixed/read: (Identity): /job:localhost/replica:0/task:0/gpu:0
autoencoder_variables/biases2: (VariableV2): /job:localhost/replica:0/task:0/gpu:0
autoencoder_variables/biases2/read: (Identity): /job:localhost/replica:0/task:0/gpu:0
autoencoder_variables/Identity_3: (Identity): /job:localhost/replica:0/task:0/gpu:0
autoencoder_variables/biases2_fixed/Assign: (Assign): /job:localhost/replica:0/task:0/gpu:0
autoencoder_variables/biases2/Assign: (Assign): /job:localhost/replica:0/task:0/gpu:0
autoencoder_variables/weights2: (VariableV2): /job:localhost/replica:0/task:0/gpu:0
autoencoder_variables/weights2/read: (Identity): /job:localhost/replica:0/task:0/gpu:0
autoencoder_variables/Identity_2: (Identity): /job:localhost/replica:0/task:0/gpu:0
autoencoder_variables/weights2_fixed/Assign: (Assign): /job:localhost/replica:0/task:0/gpu:0
autoencoder_variables/random_uniform_1/RandomUniform: (RandomUniform): /job:localhost/replica:0/task:0/gpu:0
autoencoder_variables/Sqrt_1: (Sqrt): /job:localhost/replica:0/task:0/gpu:0
autoencoder_variables/Mul_1: (Mul): /job:localhost/replica:0/task:0/gpu:0
autoencoder_variables/mul_1: (Mul): /job:localhost/replica:0/task:0/gpu:0
autoencoder_variables/random_uniform_1/sub: (Sub): /job:localhost/replica:0/task:0/gpu:0
autoencoder_variables/random_uniform_1/mul: (Mul): /job:localhost/replica:0/task:0/gpu:0
autoencoder_variables/random_uniform_1: (Add): /job:localhost/replica:0/task:0/gpu:0
autoencoder_variables/weights2/Assign: (Assign): /job:localhost/replica:0/task:0/gpu:0
autoencoder_variables/biases1_out: (VariableV2): /job:localhost/replica:0/task:0/gpu:0
autoencoder_variables/biases1_out/read: (Identity): /job:localhost/replica:0/task:0/gpu:0
autoencoder_variables/biases1_out/Assign: (Assign): /job:localhost/replica:0/task:0/gpu:0
autoencoder_variables/biases1_fixed: (VariableV2): /job:localhost/replica:0/task:0/gpu:0
autoencoder_variables/biases1_fixed/read: (Identity): /job:localhost/replica:0/task:0/gpu:0
autoencoder_variables/weights1_fixed: (VariableV2): /job:localhost/replica:0/task:0/gpu:0
autoencoder_variables/weights1_fixed/read: (Identity): /job:localhost/replica:0/task:0/gpu:0
autoencoder_variables/biases1: (VariableV2): /job:localhost/replica:0/task:0/gpu:0
autoencoder_variables/biases1/read: (Identity): /job:localhost/replica:0/task:0/gpu:0
autoencoder_variables/Identity_1: (Identity): /job:localhost/replica:0/task:0/gpu:0
autoencoder_variables/biases1_fixed/Assign: (Assign): /job:localhost/replica:0/task:0/gpu:0
autoencoder_variables/biases1/Assign: (Assign): /job:localhost/replica:0/task:0/gpu:0
autoencoder_variables/weights1: (VariableV2): /job:localhost/replica:0/task:0/gpu:0
autoencoder_variables/weights1/read: (Identity): /job:localhost/replica:0/task:0/gpu:0
pretrain_1/MatMul: (MatMul): /job:localhost/replica:0/task:0/gpu:0
pretrain_1/BiasAdd: (BiasAdd): /job:localhost/replica:0/task:0/gpu:0
pretrain_1/Sigmoid: (Sigmoid): /job:localhost/replica:0/task:0/gpu:0
pretrain_1/MatMul_1: (MatMul): /job:localhost/replica:0/task:0/gpu:0
pretrain_1/BiasAdd_1: (BiasAdd): /job:localhost/replica:0/task:0/gpu:0
pretrain_1/Sigmoid_1: (Sigmoid): /job:localhost/replica:0/task:0/gpu:0
pretrain_1/gradients/pretrain_1/Maximum_grad/GreaterEqual: (GreaterEqual): /job:localhost/replica:0/task:0/gpu:0
pretrain_1/gradients/pretrain_1/Maximum_grad/LogicalNot: (LogicalNot): /job:localhost/replica:0/task:0/gpu:0
pretrain_1/Maximum: (Maximum): /job:localhost/replica:0/task:0/gpu:0
pretrain_1/gradients/pretrain_1/Minimum_grad/LessEqual: (LessEqual): /job:localhost/replica:0/task:0/gpu:0
pretrain_1/gradients/pretrain_1/Minimum_grad/LogicalNot: (LogicalNot): /job:localhost/replica:0/task:0/gpu:0
pretrain_1/Minimum: (Minimum): /job:localhost/replica:0/task:0/gpu:0
pretrain_1/xentropy_loss/sub: (Sub): /job:localhost/replica:0/task:0/gpu:0
pretrain_1/xentropy_loss/Log: (Log): /job:localhost/replica:0/task:0/gpu:0
pretrain_1/xentropy_loss/Mul_1: (Mul): /job:localhost/replica:0/task:0/gpu:0
pretrain_1/xentropy_loss/log_output: (Log): /job:localhost/replica:0/task:0/gpu:0
pretrain_1/xentropy_loss/Mul: (Mul): /job:localhost/replica:0/task:0/gpu:0
pretrain_1/xentropy_loss/Add: (Add): /job:localhost/replica:0/task:0/gpu:0
pretrain_1/xentropy_loss/Sum: (Sum): /job:localhost/replica:0/task:0/gpu:0
pretrain_1/xentropy_loss/xentropy_mean: (Mean): /job:localhost/replica:0/task:0/gpu:0
pretrain_1/gradients/pretrain_1/xentropy_loss/mul_grad/mul: (Mul): /job:localhost/replica:0/task:0/gpu:0
pretrain_1/gradients/pretrain_1/xentropy_loss/mul_grad/Sum: (Sum): /job:localhost/replica:0/task:0/gpu:0
pretrain_1/gradients/pretrain_1/xentropy_loss/mul_grad/Reshape: (Reshape): /job:localhost/replica:0/task:0/gpu:0
pretrain_1/gradients/pretrain_1/xentropy_loss/mul_grad/tuple/group_deps: (NoOp): /job:localhost/replica:0/task:0/gpu:0
pretrain_1/gradients/pretrain_1/xentropy_loss/mul_grad/tuple/control_dependency_1: (Identity): /job:localhost/replica:0/task:0/gpu:0
pretrain_1/gradients/pretrain_1/xentropy_loss/xentropy_mean_grad/Reshape: (Reshape): /job:localhost/replica:0/task:0/gpu:0
pretrain_1/gradients/pretrain_1/xentropy_loss/xentropy_mean_grad/Tile: (Tile): /job:localhost/replica:0/task:0/gpu:0
pretrain_1/gradients/pretrain_1/xentropy_loss/xentropy_mean_grad/truediv: (RealDiv): /job:localhost/replica:0/task:0/gpu:0
pretrain_1/gradients/pretrain_1/xentropy_loss/Sum_grad/Reshape: (Reshape): /job:localhost/replica:0/task:0/gpu:0
pretrain_1/gradients/pretrain_1/xentropy_loss/Sum_grad/Tile: (Tile): /job:localhost/replica:0/task:0/gpu:0
pretrain_1/gradients/pretrain_1/xentropy_loss/Add_grad/Sum_1: (Sum): /job:localhost/replica:0/task:0/gpu:0
pretrain_1/gradients/pretrain_1/xentropy_loss/Add_grad/Reshape_1: (Reshape): /job:localhost/replica:0/task:0/gpu:0
pretrain_1/gradients/pretrain_1/xentropy_loss/Add_grad/Sum: (Sum): /job:localhost/replica:0/task:0/gpu:0
pretrain_1/gradients/pretrain_1/xentropy_loss/Add_grad/Reshape: (Reshape): /job:localhost/replica:0/task:0/gpu:0
pretrain_1/gradients/pretrain_1/xentropy_loss/Add_grad/tuple/group_deps: (NoOp): /job:localhost/replica:0/task:0/gpu:0
pretrain_1/gradients/pretrain_1/xentropy_loss/Add_grad/tuple/control_dependency_1: (Identity): /job:localhost/replica:0/task:0/gpu:0
pretrain_1/gradients/pretrain_1/xentropy_loss/Mul_1_grad/mul_1: (Mul): /job:localhost/replica:0/task:0/gpu:0
pretrain_1/gradients/pretrain_1/xentropy_loss/Mul_1_grad/Sum_1: (Sum): /job:localhost/replica:0/task:0/gpu:0
pretrain_1/gradients/pretrain_1/xentropy_loss/Mul_1_grad/Reshape_1: (Reshape): /job:localhost/replica:0/task:0/gpu:0
pretrain_1/gradients/pretrain_1/xentropy_loss/Mul_1_grad/mul: (Mul): /job:localhost/replica:0/task:0/gpu:0
pretrain_1/gradients/pretrain_1/xentropy_loss/Mul_1_grad/Sum: (Sum): /job:localhost/replica:0/task:0/gpu:0
pretrain_1/gradients/pretrain_1/xentropy_loss/Mul_1_grad/Reshape: (Reshape): /job:localhost/replica:0/task:0/gpu:0
pretrain_1/gradients/pretrain_1/xentropy_loss/Mul_1_grad/tuple/group_deps: (NoOp): /job:localhost/replica:0/task:0/gpu:0
pretrain_1/gradients/pretrain_1/xentropy_loss/Mul_1_grad/tuple/control_dependency_1: (Identity): /job:localhost/replica:0/task:0/gpu:0
pretrain_1/gradients/pretrain_1/xentropy_loss/Mul_1_grad/tuple/control_dependency: (Identity): /job:localhost/replica:0/task:0/gpu:0
pretrain_1/gradients/pretrain_1/xentropy_loss/Log_grad/Reciprocal: (Reciprocal): /job:localhost/replica:0/task:0/gpu:0
pretrain_1/gradients/pretrain_1/xentropy_loss/Log_grad/mul: (Mul): /job:localhost/replica:0/task:0/gpu:0
pretrain_1/gradients/pretrain_1/xentropy_loss/sub_grad/Sum_1: (Sum): /job:localhost/replica:0/task:0/gpu:0
pretrain_1/gradients/pretrain_1/xentropy_loss/sub_grad/Neg: (Neg): /job:localhost/replica:0/task:0/gpu:0
pretrain_1/gradients/pretrain_1/xentropy_loss/sub_grad/Reshape_1: (Reshape): /job:localhost/replica:0/task:0/gpu:0
pretrain_1/gradients/pretrain_1/xentropy_loss/sub_grad/Sum: (Sum): /job:localhost/replica:0/task:0/gpu:0
pretrain_1/gradients/pretrain_1/xentropy_loss/sub_grad/Reshape: (Reshape): /job:localhost/replica:0/task:0/gpu:0
pretrain_1/gradients/pretrain_1/xentropy_loss/sub_grad/tuple/group_deps: (NoOp): /job:localhost/replica:0/task:0/gpu:0
pretrain_1/gradients/pretrain_1/xentropy_loss/sub_grad/tuple/control_dependency_1: (Identity): /job:localhost/replica:0/task:0/gpu:0
pretrain_1/gradients/pretrain_1/xentropy_loss/sub_grad/tuple/control_dependency: (Identity): /job:localhost/replica:0/task:0/gpu:0
pretrain_1/gradients/pretrain_1/xentropy_loss/Add_grad/tuple/control_dependency: (Identity): /job:localhost/replica:0/task:0/gpu:0
pretrain_1/gradients/pretrain_1/xentropy_loss/Mul_grad/mul_1: (Mul): /job:localhost/replica:0/task:0/gpu:0
pretrain_1/gradients/pretrain_1/xentropy_loss/Mul_grad/Sum_1: (Sum): /job:localhost/replica:0/task:0/gpu:0
pretrain_1/gradients/pretrain_1/xentropy_loss/Mul_grad/Reshape_1: (Reshape): /job:localhost/replica:0/task:0/gpu:0
pretrain_1/gradients/pretrain_1/xentropy_loss/Mul_grad/mul: (Mul): /job:localhost/replica:0/task:0/gpu:0
pretrain_1/gradients/pretrain_1/xentropy_loss/Mul_grad/Sum: (Sum): /job:localhost/replica:0/task:0/gpu:0
pretrain_1/gradients/pretrain_1/xentropy_loss/Mul_grad/Reshape: (Reshape): /job:localhost/replica:0/task:0/gpu:0
pretrain_1/gradients/pretrain_1/xentropy_loss/Mul_grad/tuple/group_deps: (NoOp): /job:localhost/replica:0/task:0/gpu:0
pretrain_1/gradients/pretrain_1/xentropy_loss/Mul_grad/tuple/control_dependency_1: (Identity): /job:localhost/replica:0/task:0/gpu:0
pretrain_1/gradients/pretrain_1/xentropy_loss/Mul_grad/tuple/control_dependency: (Identity): /job:localhost/replica:0/task:0/gpu:0
pretrain_1/gradients/pretrain_1/xentropy_loss/log_output_grad/Reciprocal: (Reciprocal): /job:localhost/replica:0/task:0/gpu:0
pretrain_1/gradients/pretrain_1/xentropy_loss/log_output_grad/mul: (Mul): /job:localhost/replica:0/task:0/gpu:0
pretrain_1/gradients/AddN: (AddN): /job:localhost/replica:0/task:0/gpu:0
pretrain_1/gradients/pretrain_1/Minimum_grad/Select_1: (Select): /job:localhost/replica:0/task:0/gpu:0
pretrain_1/gradients/pretrain_1/Minimum_grad/Sum_1: (Sum): /job:localhost/replica:0/task:0/gpu:0
pretrain_1/gradients/pretrain_1/Minimum_grad/Reshape_1: (Reshape): /job:localhost/replica:0/task:0/gpu:0
pretrain_1/gradients/pretrain_1/Minimum_grad/Select: (Select): /job:localhost/replica:0/task:0/gpu:0
pretrain_1/gradients/pretrain_1/Minimum_grad/Sum: (Sum): /job:localhost/replica:0/task:0/gpu:0
pretrain_1/gradients/pretrain_1/Minimum_grad/Reshape: (Reshape): /job:localhost/replica:0/task:0/gpu:0
pretrain_1/gradients/pretrain_1/Minimum_grad/tuple/group_deps: (NoOp): /job:localhost/replica:0/task:0/gpu:0
pretrain_1/gradients/pretrain_1/Minimum_grad/tuple/control_dependency_1: (Identity): /job:localhost/replica:0/task:0/gpu:0
pretrain_1/gradients/pretrain_1/Minimum_grad/tuple/control_dependency: (Identity): /job:localhost/replica:0/task:0/gpu:0
pretrain_1/gradients/pretrain_1/Maximum_grad/Select_1: (Select): /job:localhost/replica:0/task:0/gpu:0
pretrain_1/gradients/pretrain_1/Maximum_grad/Sum_1: (Sum): /job:localhost/replica:0/task:0/gpu:0
pretrain_1/gradients/pretrain_1/Maximum_grad/Reshape_1: (Reshape): /job:localhost/replica:0/task:0/gpu:0
pretrain_1/gradients/pretrain_1/Maximum_grad/Select: (Select): /job:localhost/replica:0/task:0/gpu:0
pretrain_1/gradients/pretrain_1/Maximum_grad/Sum: (Sum): /job:localhost/replica:0/task:0/gpu:0
pretrain_1/gradients/pretrain_1/Maximum_grad/Reshape: (Reshape): /job:localhost/replica:0/task:0/gpu:0
pretrain_1/gradients/pretrain_1/Maximum_grad/tuple/group_deps: (NoOp): /job:localhost/replica:0/task:0/gpu:0
pretrain_1/gradients/pretrain_1/Maximum_grad/tuple/control_dependency_1: (Identity): /job:localhost/replica:0/task:0/gpu:0
pretrain_1/gradients/pretrain_1/Maximum_grad/tuple/control_dependency: (Identity): /job:localhost/replica:0/task:0/gpu:0
pretrain_1/gradients/pretrain_1/Sigmoid_1_grad/SigmoidGrad: (SigmoidGrad): /job:localhost/replica:0/task:0/gpu:0
pretrain_1/gradients/pretrain_1/BiasAdd_1_grad/BiasAddGrad: (BiasAddGrad): /job:localhost/replica:0/task:0/gpu:0
pretrain_1/gradients/pretrain_1/BiasAdd_1_grad/tuple/group_deps: (NoOp): /job:localhost/replica:0/task:0/gpu:0
pretrain_1/gradients/pretrain_1/BiasAdd_1_grad/tuple/control_dependency_1: (Identity): /job:localhost/replica:0/task:0/gpu:0
pretrain_1/GradientDescent/update_autoencoder_variables/biases1_out/ApplyGradientDescent: (ApplyGradientDescent): /job:localhost/replica:0/task:0/gpu:0
pretrain_1/gradients/pretrain_1/BiasAdd_1_grad/tuple/control_dependency: (Identity): /job:localhost/replica:0/task:0/gpu:0
pretrain_1/gradients/pretrain_1/MatMul_1_grad/MatMul_1: (MatMul): /job:localhost/replica:0/task:0/gpu:0
pretrain_1/gradients/pretrain_1/MatMul_1_grad/MatMul: (MatMul): /job:localhost/replica:0/task:0/gpu:0
pretrain_1/gradients/pretrain_1/MatMul_1_grad/tuple/group_deps: (NoOp): /job:localhost/replica:0/task:0/gpu:0
pretrain_1/gradients/pretrain_1/MatMul_1_grad/tuple/control_dependency_1: (Identity): /job:localhost/replica:0/task:0/gpu:0
pretrain_1/gradients/pretrain_1/MatMul_1_grad/tuple/control_dependency: (Identity): /job:localhost/replica:0/task:0/gpu:0
pretrain_1/gradients/pretrain_1/Sigmoid_grad/SigmoidGrad: (SigmoidGrad): /job:localhost/replica:0/task:0/gpu:0
pretrain_1/gradients/pretrain_1/BiasAdd_grad/BiasAddGrad: (BiasAddGrad): /job:localhost/replica:0/task:0/gpu:0
pretrain_1/gradients/pretrain_1/BiasAdd_grad/tuple/group_deps: (NoOp): /job:localhost/replica:0/task:0/gpu:0
pretrain_1/gradients/pretrain_1/BiasAdd_grad/tuple/control_dependency_1: (Identity): /job:localhost/replica:0/task:0/gpu:0
pretrain_1/GradientDescent/update_autoencoder_variables/biases1/ApplyGradientDescent: (ApplyGradientDescent): /job:localhost/replica:0/task:0/gpu:0
pretrain_1/gradients/pretrain_1/BiasAdd_grad/tuple/control_dependency: (Identity): /job:localhost/replica:0/task:0/gpu:0
pretrain_1/gradients/pretrain_1/MatMul_grad/MatMul_1: (MatMul): /job:localhost/replica:0/task:0/gpu:0
pretrain_1/gradients/pretrain_1/MatMul_grad/MatMul: (MatMul): /job:localhost/replica:0/task:0/gpu:0
pretrain_1/gradients/pretrain_1/MatMul_grad/tuple/group_deps: (NoOp): /job:localhost/replica:0/task:0/gpu:0
pretrain_1/gradients/pretrain_1/MatMul_grad/tuple/control_dependency_1: (Identity): /job:localhost/replica:0/task:0/gpu:0
pretrain_1/gradients/AddN_1: (AddN): /job:localhost/replica:0/task:0/gpu:0
pretrain_1/GradientDescent/update_autoencoder_variables/weights1/ApplyGradientDescent: (ApplyGradientDescent): /job:localhost/replica:0/task:0/gpu:0
pretrain_1/GradientDescent/update: (NoOp): /job:localhost/replica:0/task:0/gpu:0
pretrain_1/GradientDescent: (AssignAdd): /job:localhost/replica:0/task:0/cpu:0
pretrain_1/gradients/pretrain_1/MatMul_grad/tuple/control_dependency: (Identity): /job:localhost/replica:0/task:0/gpu:0
pretrain_1/gradients/pretrain_1/xentropy_loss/mul_grad/tuple/control_dependency: (Identity): /job:localhost/replica:0/task:0/gpu:0
pretrain_1/xentropy_loss/mul: (Mul): /job:localhost/replica:0/task:0/gpu:0
autoencoder_variables/Identity: (Identity): /job:localhost/replica:0/task:0/gpu:0
autoencoder_variables/weights1_fixed/Assign: (Assign): /job:localhost/replica:0/task:0/gpu:0
autoencoder_variables/random_uniform/RandomUniform: (RandomUniform): /job:localhost/replica:0/task:0/gpu:0
autoencoder_variables/Sqrt: (Sqrt): /job:localhost/replica:0/task:0/gpu:0
autoencoder_variables/Mul: (Mul): /job:localhost/replica:0/task:0/gpu:0
autoencoder_variables/mul: (Mul): /job:localhost/replica:0/task:0/gpu:0
autoencoder_variables/random_uniform/sub: (Sub): /job:localhost/replica:0/task:0/gpu:0
autoencoder_variables/random_uniform/mul: (Mul): /job:localhost/replica:0/task:0/gpu:0
autoencoder_variables/random_uniform: (Add): /job:localhost/replica:0/task:0/gpu:0
autoencoder_variables/weights1/Assign: (Assign): /job:localhost/replica:0/task:0/gpu:0
init: (NoOp): /job:localhost/replica:0/task:0/gpu:0
pretrain_1/GradientDescent/learning_rate: (Const): /job:localhost/replica:0/task:0/gpu:0
pretrain_1/gradients/pretrain_1/Maximum_grad/zeros/Const: (Const): /job:localhost/replica:0/task:0/gpu:0
pretrain_1/gradients/pretrain_1/Maximum_grad/Shape_2: (Const): /job:localhost/replica:0/task:0/gpu:0
pretrain_1/gradients/pretrain_1/Maximum_grad/Shape_1: (Const): /job:localhost/replica:0/task:0/gpu:0
pretrain_1/gradients/pretrain_1/Maximum_grad/Shape: (Const): /job:localhost/replica:0/task:0/gpu:0
pretrain_1/gradients/pretrain_1/Minimum_grad/zeros/Const: (Const): /job:localhost/replica:0/task:0/gpu:0
pretrain_1/gradients/pretrain_1/Minimum_grad/Shape_2: (Const): /job:localhost/replica:0/task:0/gpu:0
pretrain_1/gradients/pretrain_1/Minimum_grad/Shape_1: (Const): /job:localhost/replica:0/task:0/gpu:0
pretrain_1/gradients/pretrain_1/Minimum_grad/Shape: (Const): /job:localhost/replica:0/task:0/gpu:0
pretrain_1/gradients/pretrain_1/xentropy_loss/sub_grad/Shape_1: (Const): /job:localhost/replica:0/task:0/gpu:0
pretrain_1/gradients/pretrain_1/xentropy_loss/sub_grad/Shape: (Const): /job:localhost/replica:0/task:0/gpu:0
pretrain_1/gradients/pretrain_1/xentropy_loss/Mul_1_grad/Shape_1: (Const): /job:localhost/replica:0/task:0/gpu:0
pretrain_1/gradients/pretrain_1/xentropy_loss/Mul_1_grad/Shape: (Const): /job:localhost/replica:0/task:0/gpu:0
pretrain_1/gradients/pretrain_1/xentropy_loss/Mul_grad/Shape_1: (Const): /job:localhost/replica:0/task:0/gpu:0
pretrain_1/gradients/pretrain_1/xentropy_loss/Mul_grad/Shape: (Const): /job:localhost/replica:0/task:0/gpu:0
pretrain_1/gradients/pretrain_1/xentropy_loss/Add_grad/Shape_1: (Const): /job:localhost/replica:0/task:0/gpu:0
pretrain_1/gradients/pretrain_1/xentropy_loss/Add_grad/Shape: (Const): /job:localhost/replica:0/task:0/gpu:0
pretrain_1/gradients/pretrain_1/xentropy_loss/Sum_grad/Maximum/y: (Const): /job:localhost/replica:0/task:0/gpu:0
pretrain_1/gradients/pretrain_1/xentropy_loss/Sum_grad/Fill/value: (Const): /job:localhost/replica:0/task:0/gpu:0
pretrain_1/gradients/pretrain_1/xentropy_loss/Sum_grad/range/delta: (Const): /job:localhost/replica:0/task:0/gpu:0
pretrain_1/gradients/pretrain_1/xentropy_loss/Sum_grad/range/start: (Const): /job:localhost/replica:0/task:0/gpu:0
pretrain_1/gradients/pretrain_1/xentropy_loss/Sum_grad/Shape_1: (Const): /job:localhost/replica:0/task:0/gpu:0
pretrain_1/gradients/pretrain_1/xentropy_loss/Sum_grad/Size: (Const): /job:localhost/replica:0/task:0/gpu:0
pretrain_1/gradients/pretrain_1/xentropy_loss/Sum_grad/Shape: (Const): /job:localhost/replica:0/task:0/gpu:0
pretrain_1/gradients/pretrain_1/xentropy_loss/xentropy_mean_grad/Maximum/y: (Const): /job:localhost/replica:0/task:0/gpu:0
pretrain_1/gradients/pretrain_1/xentropy_loss/xentropy_mean_grad/Const_1: (Const): /job:localhost/replica:0/task:0/gpu:0
pretrain_1/gradients/pretrain_1/xentropy_loss/xentropy_mean_grad/Const: (Const): /job:localhost/replica:0/task:0/gpu:0
pretrain_1/gradients/pretrain_1/xentropy_loss/xentropy_mean_grad/Shape_1: (Const): /job:localhost/replica:0/task:0/gpu:0
pretrain_1/gradients/pretrain_1/xentropy_loss/xentropy_mean_grad/Shape: (Const): /job:localhost/replica:0/task:0/gpu:0
pretrain_1/gradients/pretrain_1/xentropy_loss/xentropy_mean_grad/Tile/multiples: (Const): /job:localhost/replica:0/task:0/gpu:0
pretrain_1/gradients/pretrain_1/xentropy_loss/xentropy_mean_grad/Reshape/shape: (Const): /job:localhost/replica:0/task:0/gpu:0
pretrain_1/gradients/pretrain_1/xentropy_loss/mul_grad/Shape_1: (Const): /job:localhost/replica:0/task:0/gpu:0
pretrain_1/gradients/pretrain_1/xentropy_loss/mul_grad/Shape: (Const): /job:localhost/replica:0/task:0/gpu:0
pretrain_1/gradients/Const: (Const): /job:localhost/replica:0/task:0/gpu:0
pretrain_1/gradients/Shape: (Const): /job:localhost/replica:0/task:0/gpu:0
pretrain_1/global_step/initial_value: (Const): /job:localhost/replica:0/task:0/cpu:0
pretrain_1/xentropy_loss/mul/x: (Const): /job:localhost/replica:0/task:0/gpu:0
pretrain_1/xentropy_loss/Const: (Const): /job:localhost/replica:0/task:0/gpu:0
pretrain_1/xentropy_loss/Sum/reduction_indices: (Const): /job:localhost/replica:0/task:0/gpu:0
pretrain_1/xentropy_loss/sub_1/x: (Const): /job:localhost/replica:0/task:0/gpu:0
pretrain_1/xentropy_loss/sub/x: (Const): /job:localhost/replica:0/task:0/gpu:0
pretrain_1/Minimum/y: (Const): /job:localhost/replica:0/task:0/gpu:0
pretrain_1/Maximum/y: (Const): /job:localhost/replica:0/task:0/gpu:0
pretrain_1/ae_target_pl: (Placeholder): /job:localhost/replica:0/task:0/gpu:0
pretrain_1/ae_input_pl: (Placeholder): /job:localhost/replica:0/task:0/gpu:0
autoencoder_variables/zeros_4: (Const): /job:localhost/replica:0/task:0/gpu:0
autoencoder_variables/random_uniform_2/shape: (Const): /job:localhost/replica:0/task:0/gpu:0
autoencoder_variables/mul_2/x: (Const): /job:localhost/replica:0/task:0/gpu:0
autoencoder_variables/Mul_2/x: (Const): /job:localhost/replica:0/task:0/gpu:0
autoencoder_variables/Sqrt_2/x: (Const): /job:localhost/replica:0/task:0/gpu:0
autoencoder_variables/zeros_3: (Const): /job:localhost/replica:0/task:0/gpu:0
autoencoder_variables/zeros_2: (Const): /job:localhost/replica:0/task:0/gpu:0
autoencoder_variables/random_uniform_1/shape: (Const): /job:localhost/replica:0/task:0/gpu:0
autoencoder_variables/mul_1/x: (Const): /job:localhost/replica:0/task:0/gpu:0
autoencoder_variables/Mul_1/x: (Const): /job:localhost/replica:0/task:0/gpu:0
autoencoder_variables/Sqrt_1/x: (Const): /job:localhost/replica:0/task:0/gpu:0
autoencoder_variables/zeros_1: (Const): /job:localhost/replica:0/task:0/gpu:0
autoencoder_variables/zeros: (Const): /job:localhost/replica:0/task:0/gpu:0
pretrain_1/GradientDescent/value: (Const): /job:localhost/replica:0/task:0/cpu:0
autoencoder_variables/random_uniform/shape: (Const): /job:localhost/replica:0/task:0/gpu:0
autoencoder_variables/mul/x: (Const): /job:localhost/replica:0/task:0/gpu:0
autoencoder_variables/Mul/x: (Const): /job:localhost/replica:0/task:0/gpu:0
autoencoder_variables/Sqrt/x: (Const): /job:localhost/replica:0/task:0/gpu:0



| Training Step | Cross Entropy |  Layer  |   Epoch  |
|---------------|---------------|---------|----------|
|             0 |      899.6887 | Layer 1 | Epoch 1  |
|           100 |      329.6417 | Layer 1 | Epoch 1  |
|           200 |      223.5289 | Layer 1 | Epoch 1  |
|           300 |      202.9265 | Layer 1 | Epoch 1  |
|           400 |      186.1105 | Layer 1 | Epoch 1  |
|           500 |      184.0602 | Layer 1 | Epoch 1  |
init_1: (NoOp): /job:localhost/replica:0/task:0/gpu:0
pretrain_1/gradients/pretrain_1/Maximum_grad/zeros: (Fill): /job:localhost/replica:0/task:0/gpu:0
pretrain_1/gradients/pretrain_1/Maximum_grad/BroadcastGradientArgs: (BroadcastGradientArgs): /job:localhost/replica:0/task:0/gpu:0
pretrain_1/gradients/pretrain_1/Minimum_grad/zeros: (Fill): /job:localhost/replica:0/task:0/gpu:0
pretrain_1/gradients/pretrain_1/Minimum_grad/BroadcastGradientArgs: (BroadcastGradientArgs): /job:localhost/replica:0/task:0/gpu:0
pretrain_1/gradients/pretrain_1/xentropy_loss/sub_grad/BroadcastGradientArgs: (BroadcastGradientArgs): /job:localhost/replica:0/task:0/gpu:0
pretrain_1/gradients/pretrain_1/xentropy_loss/Mul_1_grad/BroadcastGradientArgs: (BroadcastGradientArgs): /job:localhost/replica:0/task:0/gpu:0
pretrain_1/gradients/pretrain_1/xentropy_loss/Mul_grad/BroadcastGradientArgs: (BroadcastGradientArgs): /job:localhost/replica:0/task:0/gpu:0
pretrain_1/gradients/pretrain_1/xentropy_loss/Add_grad/BroadcastGradientArgs: (BroadcastGradientArgs): /job:localhost/replica:0/task:0/gpu:0
pretrain_1/gradients/pretrain_1/xentropy_loss/Sum_grad/Fill: (Fill): /job:localhost/replica:0/task:0/gpu:0
pretrain_1/gradients/pretrain_1/xentropy_loss/Sum_grad/range: (Range): /job:localhost/replica:0/task:0/gpu:0
pretrain_1/gradients/pretrain_1/xentropy_loss/xentropy_mean_grad/Prod_1: (Prod): /job:localhost/replica:0/task:0/gpu:0
pretrain_1/gradients/pretrain_1/xentropy_loss/xentropy_mean_grad/Maximum: (Maximum): /job:localhost/replica:0/task:0/gpu:0
pretrain_1/gradients/pretrain_1/xentropy_loss/xentropy_mean_grad/Prod: (Prod): /job:localhost/replica:0/task:0/gpu:0
pretrain_1/gradients/pretrain_1/xentropy_loss/xentropy_mean_grad/floordiv: (FloorDiv): /job:localhost/replica:0/task:0/gpu:0
pretrain_1/gradients/pretrain_1/xentropy_loss/xentropy_mean_grad/Cast: (Cast): /job:localhost/replica:0/task:0/gpu:0
pretrain_1/gradients/pretrain_1/xentropy_loss/mul_grad/BroadcastGradientArgs: (BroadcastGradientArgs): /job:localhost/replica:0/task:0/gpu:0
pretrain_1/gradients/Fill: (Fill): /job:localhost/replica:0/task:0/gpu:0
pretrain_1/global_step: (VariableV2): /job:localhost/replica:0/task:0/cpu:0
pretrain_1/global_step/read: (Identity): /job:localhost/replica:0/task:0/cpu:0
pretrain_1/global_step/Assign: (Assign): /job:localhost/replica:0/task:0/cpu:0
pretrain_1/init: (NoOp): /job:localhost/replica:0/task:0/gpu:0
pretrain_1/gradients/pretrain_1/xentropy_loss/mul_grad/mul_1: (Mul): /job:localhost/replica:0/task:0/gpu:0
pretrain_1/gradients/pretrain_1/xentropy_loss/mul_grad/Sum_1: (Sum): /job:localhost/replica:0/task:0/gpu:0
pretrain_1/gradients/pretrain_1/xentropy_loss/mul_grad/Reshape_1: (Reshape): /job:localhost/replica:0/task:0/gpu:0
pretrain_1/gradients/pretrain_1/xentropy_loss/Sum_grad/add: (Add): /job:localhost/replica:0/task:0/gpu:0
pretrain_1/gradients/pretrain_1/xentropy_loss/Sum_grad/mod: (FloorMod): /job:localhost/replica:0/task:0/gpu:0
pretrain_1/gradients/pretrain_1/xentropy_loss/Sum_grad/DynamicStitch: (DynamicStitch): /job:localhost/replica:0/task:0/gpu:0
pretrain_1/gradients/pretrain_1/xentropy_loss/Sum_grad/Maximum: (Maximum): /job:localhost/replica:0/task:0/gpu:0
pretrain_1/gradients/pretrain_1/xentropy_loss/Sum_grad/floordiv: (FloorDiv): /job:localhost/replica:0/task:0/gpu:0
pretrain_1/xentropy_loss/sub_1: (Sub): /job:localhost/replica:0/task:0/gpu:0
autoencoder_variables/biases3: (VariableV2): /job:localhost/replica:0/task:0/gpu:0
autoencoder_variables/biases3/read: (Identity): /job:localhost/replica:0/task:0/gpu:0
autoencoder_variables/biases3/Assign: (Assign): /job:localhost/replica:0/task:0/gpu:0
autoencoder_variables/weights3: (VariableV2): /job:localhost/replica:0/task:0/gpu:0
autoencoder_variables/weights3/read: (Identity): /job:localhost/replica:0/task:0/gpu:0
autoencoder_variables/random_uniform_2/RandomUniform: (RandomUniform): /job:localhost/replica:0/task:0/gpu:0
autoencoder_variables/Sqrt_2: (Sqrt): /job:localhost/replica:0/task:0/gpu:0
autoencoder_variables/Mul_2: (Mul): /job:localhost/replica:0/task:0/gpu:0
autoencoder_variables/mul_2: (Mul): /job:localhost/replica:0/task:0/gpu:0
autoencoder_variables/random_uniform_2/sub: (Sub): /job:localhost/replica:0/task:0/gpu:0
autoencoder_variables/random_uniform_2/mul: (Mul): /job:localhost/replica:0/task:0/gpu:0
autoencoder_variables/random_uniform_2: (Add): /job:localhost/replica:0/task:0/gpu:0
autoencoder_variables/weights3/Assign: (Assign): /job:localhost/replica:0/task:0/gpu:0
autoencoder_variables/biases2_out: (VariableV2): /job:localhost/replica:0/task:0/gpu:0
autoencoder_variables/biases2_out/read: (Identity): /job:localhost/replica:0/task:0/gpu:0
autoencoder_variables/biases2_out/Assign: (Assign): /job:localhost/replica:0/task:0/gpu:0
autoencoder_variables/biases2_fixed: (VariableV2): /job:localhost/replica:0/task:0/gpu:0
autoencoder_variables/biases2_fixed/read: (Identity): /job:localhost/replica:0/task:0/gpu:0
autoencoder_variables/weights2_fixed: (VariableV2): /job:localhost/replica:0/task:0/gpu:0
autoencoder_variables/weights2_fixed/read: (Identity): /job:localhost/replica:0/task:0/gpu:0
autoencoder_variables/biases2: (VariableV2): /job:localhost/replica:0/task:0/gpu:0
autoencoder_variables/biases2/read: (Identity): /job:localhost/replica:0/task:0/gpu:0
autoencoder_variables/Identity_3: (Identity): /job:localhost/replica:0/task:0/gpu:0
autoencoder_variables/biases2_fixed/Assign: (Assign): /job:localhost/replica:0/task:0/gpu:0
autoencoder_variables/biases2/Assign: (Assign): /job:localhost/replica:0/task:0/gpu:0
autoencoder_variables/weights2: (VariableV2): /job:localhost/replica:0/task:0/gpu:0
autoencoder_variables/weights2/read: (Identity): /job:localhost/replica:0/task:0/gpu:0
autoencoder_variables/Identity_2: (Identity): /job:localhost/replica:0/task:0/gpu:0
autoencoder_variables/weights2_fixed/Assign: (Assign): /job:localhost/replica:0/task:0/gpu:0
autoencoder_variables/random_uniform_1/RandomUniform: (RandomUniform): /job:localhost/replica:0/task:0/gpu:0
autoencoder_variables/Sqrt_1: (Sqrt): /job:localhost/replica:0/task:0/gpu:0
autoencoder_variables/Mul_1: (Mul): /job:localhost/replica:0/task:0/gpu:0
autoencoder_variables/mul_1: (Mul): /job:localhost/replica:0/task:0/gpu:0
autoencoder_variables/random_uniform_1/sub: (Sub): /job:localhost/replica:0/task:0/gpu:0
autoencoder_variables/random_uniform_1/mul: (Mul): /job:localhost/replica:0/task:0/gpu:0
autoencoder_variables/random_uniform_1: (Add): /job:localhost/replica:0/task:0/gpu:0
autoencoder_variables/weights2/Assign: (Assign): /job:localhost/replica:0/task:0/gpu:0
autoencoder_variables/biases1_out: (VariableV2): /job:localhost/replica:0/task:0/gpu:0
autoencoder_variables/biases1_out/read: (Identity): /job:localhost/replica:0/task:0/gpu:0
autoencoder_variables/biases1_out/Assign: (Assign): /job:localhost/replica:0/task:0/gpu:0
autoencoder_variables/biases1_fixed: (VariableV2): /job:localhost/replica:0/task:0/gpu:0
autoencoder_variables/biases1_fixed/read: (Identity): /job:localhost/replica:0/task:0/gpu:0
autoencoder_variables/weights1_fixed: (VariableV2): /job:localhost/replica:0/task:0/gpu:0
autoencoder_variables/weights1_fixed/read: (Identity): /job:localhost/replica:0/task:0/gpu:0
autoencoder_variables/biases1: (VariableV2): /job:localhost/replica:0/task:0/gpu:0
autoencoder_variables/biases1/read: (Identity): /job:localhost/replica:0/task:0/gpu:0
autoencoder_variables/Identity_1: (Identity): /job:localhost/replica:0/task:0/gpu:0
autoencoder_variables/biases1_fixed/Assign: (Assign): /job:localhost/replica:0/task:0/gpu:0
autoencoder_variables/biases1/Assign: (Assign): /job:localhost/replica:0/task:0/gpu:0
autoencoder_variables/weights1: (VariableV2): /job:localhost/replica:0/task:0/gpu:0
autoencoder_variables/weights1/read: (Identity): /job:localhost/replica:0/task:0/gpu:0
pretrain_1/MatMul: (MatMul): /job:localhost/replica:0/task:0/gpu:0
pretrain_1/BiasAdd: (BiasAdd): /job:localhost/replica:0/task:0/gpu:0
pretrain_1/Sigmoid: (Sigmoid): /job:localhost/replica:0/task:0/gpu:0
pretrain_1/MatMul_1: (MatMul): /job:localhost/replica:0/task:0/gpu:0
pretrain_1/BiasAdd_1: (BiasAdd): /job:localhost/replica:0/task:0/gpu:0
pretrain_1/Sigmoid_1: (Sigmoid): /job:localhost/replica:0/task:0/gpu:0
pretrain_1/gradients/pretrain_1/Maximum_grad/GreaterEqual: (GreaterEqual): /job:localhost/replica:0/task:0/gpu:0
pretrain_1/gradients/pretrain_1/Maximum_grad/LogicalNot: (LogicalNot): /job:localhost/replica:0/task:0/gpu:0
pretrain_1/Maximum: (Maximum): /job:localhost/replica:0/task:0/gpu:0
pretrain_1/gradients/pretrain_1/Minimum_grad/LessEqual: (LessEqual): /job:localhost/replica:0/task:0/gpu:0
pretrain_1/gradients/pretrain_1/Minimum_grad/LogicalNot: (LogicalNot): /job:localhost/replica:0/task:0/gpu:0
pretrain_1/Minimum: (Minimum): /job:localhost/replica:0/task:0/gpu:0
pretrain_1/xentropy_loss/sub: (Sub): /job:localhost/replica:0/task:0/gpu:0
pretrain_1/xentropy_loss/Log: (Log): /job:localhost/replica:0/task:0/gpu:0
pretrain_1/xentropy_loss/Mul_1: (Mul): /job:localhost/replica:0/task:0/gpu:0
pretrain_1/xentropy_loss/log_output: (Log): /job:localhost/replica:0/task:0/gpu:0
pretrain_1/xentropy_loss/Mul: (Mul): /job:localhost/replica:0/task:0/gpu:0
pretrain_1/xentropy_loss/Add: (Add): /job:localhost/replica:0/task:0/gpu:0
pretrain_1/xentropy_loss/Sum: (Sum): /job:localhost/replica:0/task:0/gpu:0
pretrain_1/xentropy_loss/xentropy_mean: (Mean): /job:localhost/replica:0/task:0/gpu:0
pretrain_1/gradients/pretrain_1/xentropy_loss/mul_grad/mul: (Mul): /job:localhost/replica:0/task:0/gpu:0
pretrain_1/gradients/pretrain_1/xentropy_loss/mul_grad/Sum: (Sum): /job:localhost/replica:0/task:0/gpu:0
pretrain_1/gradients/pretrain_1/xentropy_loss/mul_grad/Reshape: (Reshape): /job:localhost/replica:0/task:0/gpu:0
pretrain_1/gradients/pretrain_1/xentropy_loss/mul_grad/tuple/group_deps: (NoOp): /job:localhost/replica:0/task:0/gpu:0
pretrain_1/gradients/pretrain_1/xentropy_loss/mul_grad/tuple/control_dependency_1: (Identity): /job:localhost/replica:0/task:0/gpu:0
pretrain_1/gradients/pretrain_1/xentropy_loss/xentropy_mean_grad/Reshape: (Reshape): /job:localhost/replica:0/task:0/gpu:0
pretrain_1/gradients/pretrain_1/xentropy_loss/xentropy_mean_grad/Tile: (Tile): /job:localhost/replica:0/task:0/gpu:0
pretrain_1/gradients/pretrain_1/xentropy_loss/xentropy_mean_grad/truediv: (RealDiv): /job:localhost/replica:0/task:0/gpu:0
pretrain_1/gradients/pretrain_1/xentropy_loss/Sum_grad/Reshape: (Reshape): /job:localhost/replica:0/task:0/gpu:0
pretrain_1/gradients/pretrain_1/xentropy_loss/Sum_grad/Tile: (Tile): /job:localhost/replica:0/task:0/gpu:0
pretrain_1/gradients/pretrain_1/xentropy_loss/Add_grad/Sum_1: (Sum): /job:localhost/replica:0/task:0/gpu:0
pretrain_1/gradients/pretrain_1/xentropy_loss/Add_grad/Reshape_1: (Reshape): /job:localhost/replica:0/task:0/gpu:0
pretrain_1/gradients/pretrain_1/xentropy_loss/Add_grad/Sum: (Sum): /job:localhost/replica:0/task:0/gpu:0
pretrain_1/gradients/pretrain_1/xentropy_loss/Add_grad/Reshape: (Reshape): /job:localhost/replica:0/task:0/gpu:0
pretrain_1/gradients/pretrain_1/xentropy_loss/Add_grad/tuple/group_deps: (NoOp): /job:localhost/replica:0/task:0/gpu:0
pretrain_1/gradients/pretrain_1/xentropy_loss/Add_grad/tuple/control_dependency_1: (Identity): /job:localhost/replica:0/task:0/gpu:0
pretrain_1/gradients/pretrain_1/xentropy_loss/Mul_1_grad/mul_1: (Mul): /job:localhost/replica:0/task:0/gpu:0
pretrain_1/gradients/pretrain_1/xentropy_loss/Mul_1_grad/Sum_1: (Sum): /job:localhost/replica:0/task:0/gpu:0
pretrain_1/gradients/pretrain_1/xentropy_loss/Mul_1_grad/Reshape_1: (Reshape): /job:localhost/replica:0/task:0/gpu:0
pretrain_1/gradients/pretrain_1/xentropy_loss/Mul_1_grad/mul: (Mul): /job:localhost/replica:0/task:0/gpu:0
pretrain_1/gradients/pretrain_1/xentropy_loss/Mul_1_grad/Sum: (Sum): /job:localhost/replica:0/task:0/gpu:0
pretrain_1/gradients/pretrain_1/xentropy_loss/Mul_1_grad/Reshape: (Reshape): /job:localhost/replica:0/task:0/gpu:0
pretrain_1/gradients/pretrain_1/xentropy_loss/Mul_1_grad/tuple/group_deps: (NoOp): /job:localhost/replica:0/task:0/gpu:0
pretrain_1/gradients/pretrain_1/xentropy_loss/Mul_1_grad/tuple/control_dependency_1: (Identity): /job:localhost/replica:0/task:0/gpu:0
pretrain_1/gradients/pretrain_1/xentropy_loss/Mul_1_grad/tuple/control_dependency: (Identity): /job:localhost/replica:0/task:0/gpu:0
pretrain_1/gradients/pretrain_1/xentropy_loss/Log_grad/Reciprocal: (Reciprocal): /job:localhost/replica:0/task:0/gpu:0
pretrain_1/gradients/pretrain_1/xentropy_loss/Log_grad/mul: (Mul): /job:localhost/replica:0/task:0/gpu:0
pretrain_1/gradients/pretrain_1/xentropy_loss/sub_grad/Sum_1: (Sum): /job:localhost/replica:0/task:0/gpu:0
pretrain_1/gradients/pretrain_1/xentropy_loss/sub_grad/Neg: (Neg): /job:localhost/replica:0/task:0/gpu:0
pretrain_1/gradients/pretrain_1/xentropy_loss/sub_grad/Reshape_1: (Reshape): /job:localhost/replica:0/task:0/gpu:0
pretrain_1/gradients/pretrain_1/xentropy_loss/sub_grad/Sum: (Sum): /job:localhost/replica:0/task:0/gpu:0
pretrain_1/gradients/pretrain_1/xentropy_loss/sub_grad/Reshape: (Reshape): /job:localhost/replica:0/task:0/gpu:0
pretrain_1/gradients/pretrain_1/xentropy_loss/sub_grad/tuple/group_deps: (NoOp): /job:localhost/replica:0/task:0/gpu:0
pretrain_1/gradients/pretrain_1/xentropy_loss/sub_grad/tuple/control_dependency_1: (Identity): /job:localhost/replica:0/task:0/gpu:0
pretrain_1/gradients/pretrain_1/xentropy_loss/sub_grad/tuple/control_dependency: (Identity): /job:localhost/replica:0/task:0/gpu:0
pretrain_1/gradients/pretrain_1/xentropy_loss/Add_grad/tuple/control_dependency: (Identity): /job:localhost/replica:0/task:0/gpu:0
pretrain_1/gradients/pretrain_1/xentropy_loss/Mul_grad/mul_1: (Mul): /job:localhost/replica:0/task:0/gpu:0
pretrain_1/gradients/pretrain_1/xentropy_loss/Mul_grad/Sum_1: (Sum): /job:localhost/replica:0/task:0/gpu:0
pretrain_1/gradients/pretrain_1/xentropy_loss/Mul_grad/Reshape_1: (Reshape): /job:localhost/replica:0/task:0/gpu:0
pretrain_1/gradients/pretrain_1/xentropy_loss/Mul_grad/mul: (Mul): /job:localhost/replica:0/task:0/gpu:0
pretrain_1/gradients/pretrain_1/xentropy_loss/Mul_grad/Sum: (Sum): /job:localhost/replica:0/task:0/gpu:0
pretrain_1/gradients/pretrain_1/xentropy_loss/Mul_grad/Reshape: (Reshape): /job:localhost/replica:0/task:0/gpu:0
pretrain_1/gradients/pretrain_1/xentropy_loss/Mul_grad/tuple/group_deps: (NoOp): /job:localhost/replica:0/task:0/gpu:0
pretrain_1/gradients/pretrain_1/xentropy_loss/Mul_grad/tuple/control_dependency_1: (Identity): /job:localhost/replica:0/task:0/gpu:0
pretrain_1/gradients/pretrain_1/xentropy_loss/Mul_grad/tuple/control_dependency: (Identity): /job:localhost/replica:0/task:0/gpu:0
pretrain_1/gradients/pretrain_1/xentropy_loss/log_output_grad/Reciprocal: (Reciprocal): /job:localhost/replica:0/task:0/gpu:0
pretrain_1/gradients/pretrain_1/xentropy_loss/log_output_grad/mul: (Mul): /job:localhost/replica:0/task:0/gpu:0
pretrain_1/gradients/AddN: (AddN): /job:localhost/replica:0/task:0/gpu:0
pretrain_1/gradients/pretrain_1/Minimum_grad/Select_1: (Select): /job:localhost/replica:0/task:0/gpu:0
pretrain_1/gradients/pretrain_1/Minimum_grad/Sum_1: (Sum): /job:localhost/replica:0/task:0/gpu:0
pretrain_1/gradients/pretrain_1/Minimum_grad/Reshape_1: (Reshape): /job:localhost/replica:0/task:0/gpu:0
pretrain_1/gradients/pretrain_1/Minimum_grad/Select: (Select): /job:localhost/replica:0/task:0/gpu:0
pretrain_1/gradients/pretrain_1/Minimum_grad/Sum: (Sum): /job:localhost/replica:0/task:0/gpu:0
pretrain_1/gradients/pretrain_1/Minimum_grad/Reshape: (Reshape): /job:localhost/replica:0/task:0/gpu:0
pretrain_1/gradients/pretrain_1/Minimum_grad/tuple/group_deps: (NoOp): /job:localhost/replica:0/task:0/gpu:0
pretrain_1/gradients/pretrain_1/Minimum_grad/tuple/control_dependency_1: (Identity): /job:localhost/replica:0/task:0/gpu:0
pretrain_1/gradients/pretrain_1/Minimum_grad/tuple/control_dependency: (Identity): /job:localhost/replica:0/task:0/gpu:0
pretrain_1/gradients/pretrain_1/Maximum_grad/Select_1: (Select): /job:localhost/replica:0/task:0/gpu:0
pretrain_1/gradients/pretrain_1/Maximum_grad/Sum_1: (Sum): /job:localhost/replica:0/task:0/gpu:0
pretrain_1/gradients/pretrain_1/Maximum_grad/Reshape_1: (Reshape): /job:localhost/replica:0/task:0/gpu:0
pretrain_1/gradients/pretrain_1/Maximum_grad/Select: (Select): /job:localhost/replica:0/task:0/gpu:0
pretrain_1/gradients/pretrain_1/Maximum_grad/Sum: (Sum): /job:localhost/replica:0/task:0/gpu:0
pretrain_1/gradients/pretrain_1/Maximum_grad/Reshape: (Reshape): /job:localhost/replica:0/task:0/gpu:0
pretrain_1/gradients/pretrain_1/Maximum_grad/tuple/group_deps: (NoOp): /job:localhost/replica:0/task:0/gpu:0
pretrain_1/gradients/pretrain_1/Maximum_grad/tuple/control_dependency_1: (Identity): /job:localhost/replica:0/task:0/gpu:0
pretrain_1/gradients/pretrain_1/Maximum_grad/tuple/control_dependency: (Identity): /job:localhost/replica:0/task:0/gpu:0
pretrain_1/gradients/pretrain_1/Sigmoid_1_grad/SigmoidGrad: (SigmoidGrad): /job:localhost/replica:0/task:0/gpu:0
pretrain_1/gradients/pretrain_1/BiasAdd_1_grad/BiasAddGrad: (BiasAddGrad): /job:localhost/replica:0/task:0/gpu:0
pretrain_1/gradients/pretrain_1/BiasAdd_1_grad/tuple/group_deps: (NoOp): /job:localhost/replica:0/task:0/gpu:0
pretrain_1/gradients/pretrain_1/BiasAdd_1_grad/tuple/control_dependency_1: (Identity): /job:localhost/replica:0/task:0/gpu:0
pretrain_1/GradientDescent/update_autoencoder_variables/biases1_out/ApplyGradientDescent: (ApplyGradientDescent): /job:localhost/replica:0/task:0/gpu:0
pretrain_1/gradients/pretrain_1/BiasAdd_1_grad/tuple/control_dependency: (Identity): /job:localhost/replica:0/task:0/gpu:0
pretrain_1/gradients/pretrain_1/MatMul_1_grad/MatMul_1: (MatMul): /job:localhost/replica:0/task:0/gpu:0
pretrain_1/gradients/pretrain_1/MatMul_1_grad/MatMul: (MatMul): /job:localhost/replica:0/task:0/gpu:0
pretrain_1/gradients/pretrain_1/MatMul_1_grad/tuple/group_deps: (NoOp): /job:localhost/replica:0/task:0/gpu:0
pretrain_1/gradients/pretrain_1/MatMul_1_grad/tuple/control_dependency_1: (Identity): /job:localhost/replica:0/task:0/gpu:0
pretrain_1/gradients/pretrain_1/MatMul_1_grad/tuple/control_dependency: (Identity): /job:localhost/replica:0/task:0/gpu:0
pretrain_1/gradients/pretrain_1/Sigmoid_grad/SigmoidGrad: (SigmoidGrad): /job:localhost/replica:0/task:0/gpu:0
pretrain_1/gradients/pretrain_1/BiasAdd_grad/BiasAddGrad: (BiasAddGrad): /job:localhost/replica:0/task:0/gpu:0
pretrain_1/gradients/pretrain_1/BiasAdd_grad/tuple/group_deps: (NoOp): /job:localhost/replica:0/task:0/gpu:0
pretrain_1/gradients/pretrain_1/BiasAdd_grad/tuple/control_dependency_1: (Identity): /job:localhost/replica:0/task:0/gpu:0
pretrain_1/GradientDescent/update_autoencoder_variables/biases1/ApplyGradientDescent: (ApplyGradientDescent): /job:localhost/replica:0/task:0/gpu:0
pretrain_1/gradients/pretrain_1/BiasAdd_grad/tuple/control_dependency: (Identity): /job:localhost/replica:0/task:0/gpu:0
pretrain_1/gradients/pretrain_1/MatMul_grad/MatMul_1: (MatMul): /job:localhost/replica:0/task:0/gpu:0
pretrain_1/gradients/pretrain_1/MatMul_grad/MatMul: (MatMul): /job:localhost/replica:0/task:0/gpu:0
pretrain_1/gradients/pretrain_1/MatMul_grad/tuple/group_deps: (NoOp): /job:localhost/replica:0/task:0/gpu:0
pretrain_1/gradients/pretrain_1/MatMul_grad/tuple/control_dependency_1: (Identity): /job:localhost/replica:0/task:0/gpu:0
pretrain_1/gradients/AddN_1: (AddN): /job:localhost/replica:0/task:0/gpu:0
pretrain_1/GradientDescent/update_autoencoder_variables/weights1/ApplyGradientDescent: (ApplyGradientDescent): /job:localhost/replica:0/task:0/gpu:0
pretrain_1/GradientDescent/update: (NoOp): /job:localhost/replica:0/task:0/gpu:0
pretrain_1/GradientDescent: (AssignAdd): /job:localhost/replica:0/task:0/cpu:0
pretrain_1/gradients/pretrain_1/MatMul_grad/tuple/control_dependency: (Identity): /job:localhost/replica:0/task:0/gpu:0
pretrain_1/gradients/pretrain_1/xentropy_loss/mul_grad/tuple/control_dependency: (Identity): /job:localhost/replica:0/task:0/gpu:0
pretrain_1/xentropy_loss/mul: (Mul): /job:localhost/replica:0/task:0/gpu:0
autoencoder_variables/Identity: (Identity): /job:localhost/replica:0/task:0/gpu:0
autoencoder_variables/weights1_fixed/Assign: (Assign): /job:localhost/replica:0/task:0/gpu:0
autoencoder_variables/random_uniform/RandomUniform: (RandomUniform): /job:localhost/replica:0/task:0/gpu:0
autoencoder_variables/Sqrt: (Sqrt): /job:localhost/replica:0/task:0/gpu:0
autoencoder_variables/Mul: (Mul): /job:localhost/replica:0/task:0/gpu:0
autoencoder_variables/mul: (Mul): /job:localhost/replica:0/task:0/gpu:0
autoencoder_variables/random_uniform/sub: (Sub): /job:localhost/replica:0/task:0/gpu:0
autoencoder_variables/random_uniform/mul: (Mul): /job:localhost/replica:0/task:0/gpu:0
autoencoder_variables/random_uniform: (Add): /job:localhost/replica:0/task:0/gpu:0
autoencoder_variables/weights1/Assign: (Assign): /job:localhost/replica:0/task:0/gpu:0
init: (NoOp): /job:localhost/replica:0/task:0/gpu:0
pretrain_1/GradientDescent/learning_rate: (Const): /job:localhost/replica:0/task:0/gpu:0
pretrain_1/gradients/pretrain_1/Maximum_grad/zeros/Const: (Const): /job:localhost/replica:0/task:0/gpu:0
pretrain_1/gradients/pretrain_1/Maximum_grad/Shape_2: (Const): /job:localhost/replica:0/task:0/gpu:0
pretrain_1/gradients/pretrain_1/Maximum_grad/Shape_1: (Const): /job:localhost/replica:0/task:0/gpu:0
pretrain_1/gradients/pretrain_1/Maximum_grad/Shape: (Const): /job:localhost/replica:0/task:0/gpu:0
pretrain_1/gradients/pretrain_1/Minimum_grad/zeros/Const: (Const): /job:localhost/replica:0/task:0/gpu:0
pretrain_1/gradients/pretrain_1/Minimum_grad/Shape_2: (Const): /job:localhost/replica:0/task:0/gpu:0
pretrain_1/gradients/pretrain_1/Minimum_grad/Shape_1: (Const): /job:localhost/replica:0/task:0/gpu:0
pretrain_1/gradients/pretrain_1/Minimum_grad/Shape: (Const): /job:localhost/replica:0/task:0/gpu:0
pretrain_1/gradients/pretrain_1/xentropy_loss/sub_grad/Shape_1: (Const): /job:localhost/replica:0/task:0/gpu:0
pretrain_1/gradients/pretrain_1/xentropy_loss/sub_grad/Shape: (Const): /job:localhost/replica:0/task:0/gpu:0
pretrain_1/gradients/pretrain_1/xentropy_loss/Mul_1_grad/Shape_1: (Const): /job:localhost/replica:0/task:0/gpu:0
pretrain_1/gradients/pretrain_1/xentropy_loss/Mul_1_grad/Shape: (Const): /job:localhost/replica:0/task:0/gpu:0
pretrain_1/gradients/pretrain_1/xentropy_loss/Mul_grad/Shape_1: (Const): /job:localhost/replica:0/task:0/gpu:0
pretrain_1/gradients/pretrain_1/xentropy_loss/Mul_grad/Shape: (Const): /job:localhost/replica:0/task:0/gpu:0
pretrain_1/gradients/pretrain_1/xentropy_loss/Add_grad/Shape_1: (Const): /job:localhost/replica:0/task:0/gpu:0
pretrain_1/gradients/pretrain_1/xentropy_loss/Add_grad/Shape: (Const): /job:localhost/replica:0/task:0/gpu:0
pretrain_1/gradients/pretrain_1/xentropy_loss/Sum_grad/Maximum/y: (Const): /job:localhost/replica:0/task:0/gpu:0
pretrain_1/gradients/pretrain_1/xentropy_loss/Sum_grad/Fill/value: (Const): /job:localhost/replica:0/task:0/gpu:0
pretrain_1/gradients/pretrain_1/xentropy_loss/Sum_grad/range/delta: (Const): /job:localhost/replica:0/task:0/gpu:0
pretrain_1/gradients/pretrain_1/xentropy_loss/Sum_grad/range/start: (Const): /job:localhost/replica:0/task:0/gpu:0
pretrain_1/gradients/pretrain_1/xentropy_loss/Sum_grad/Shape_1: (Const): /job:localhost/replica:0/task:0/gpu:0
pretrain_1/gradients/pretrain_1/xentropy_loss/Sum_grad/Size: (Const): /job:localhost/replica:0/task:0/gpu:0
pretrain_1/gradients/pretrain_1/xentropy_loss/Sum_grad/Shape: (Const): /job:localhost/replica:0/task:0/gpu:0
pretrain_1/gradients/pretrain_1/xentropy_loss/xentropy_mean_grad/Maximum/y: (Const): /job:localhost/replica:0/task:0/gpu:0
pretrain_1/gradients/pretrain_1/xentropy_loss/xentropy_mean_grad/Const_1: (Const): /job:localhost/replica:0/task:0/gpu:0
pretrain_1/gradients/pretrain_1/xentropy_loss/xentropy_mean_grad/Const: (Const): /job:localhost/replica:0/task:0/gpu:0
pretrain_1/gradients/pretrain_1/xentropy_loss/xentropy_mean_grad/Shape_1: (Const): /job:localhost/replica:0/task:0/gpu:0
pretrain_1/gradients/pretrain_1/xentropy_loss/xentropy_mean_grad/Shape: (Const): /job:localhost/replica:0/task:0/gpu:0
pretrain_1/gradients/pretrain_1/xentropy_loss/xentropy_mean_grad/Tile/multiples: (Const): /job:localhost/replica:0/task:0/gpu:0
pretrain_1/gradients/pretrain_1/xentropy_loss/xentropy_mean_grad/Reshape/shape: (Const): /job:localhost/replica:0/task:0/gpu:0
pretrain_1/gradients/pretrain_1/xentropy_loss/mul_grad/Shape_1: (Const): /job:localhost/replica:0/task:0/gpu:0
pretrain_1/gradients/pretrain_1/xentropy_loss/mul_grad/Shape: (Const): /job:localhost/replica:0/task:0/gpu:0
pretrain_1/gradients/Const: (Const): /job:localhost/replica:0/task:0/gpu:0
pretrain_1/gradients/Shape: (Const): /job:localhost/replica:0/task:0/gpu:0
pretrain_1/global_step/initial_value: (Const): /job:localhost/replica:0/task:0/cpu:0
pretrain_1/xentropy_loss/mul/x: (Const): /job:localhost/replica:0/task:0/gpu:0
pretrain_1/xentropy_loss/Const: (Const): /job:localhost/replica:0/task:0/gpu:0
pretrain_1/xentropy_loss/Sum/reduction_indices: (Const): /job:localhost/replica:0/task:0/gpu:0
pretrain_1/xentropy_loss/sub_1/x: (Const): /job:localhost/replica:0/task:0/gpu:0
pretrain_1/xentropy_loss/sub/x: (Const): /job:localhost/replica:0/task:0/gpu:0
pretrain_1/Minimum/y: (Const): /job:localhost/replica:0/task:0/gpu:0
pretrain_1/Maximum/y: (Const): /job:localhost/replica:0/task:0/gpu:0
pretrain_1/ae_target_pl: (Placeholder): /job:localhost/replica:0/task:0/gpu:0
pretrain_1/ae_input_pl: (Placeholder): /job:localhost/replica:0/task:0/gpu:0
autoencoder_variables/zeros_4: (Const): /job:localhost/replica:0/task:0/gpu:0
autoencoder_variables/random_uniform_2/shape: (Const): /job:localhost/replica:0/task:0/gpu:0
autoencoder_variables/mul_2/x: (Const): /job:localhost/replica:0/task:0/gpu:0
autoencoder_variables/Mul_2/x: (Const): /job:localhost/replica:0/task:0/gpu:0
autoencoder_variables/Sqrt_2/x: (Const): /job:localhost/replica:0/task:0/gpu:0
autoencoder_variables/zeros_3: (Const): /job:localhost/replica:0/task:0/gpu:0
autoencoder_variables/zeros_2: (Const): /job:localhost/replica:0/task:0/gpu:0
autoencoder_variables/random_uniform_1/shape: (Const): /job:localhost/replica:0/task:0/gpu:0
autoencoder_variables/mul_1/x: (Const): /job:localhost/replica:0/task:0/gpu:0
autoencoder_variables/Mul_1/x: (Const): /job:localhost/replica:0/task:0/gpu:0
autoencoder_variables/Sqrt_1/x: (Const): /job:localhost/replica:0/task:0/gpu:0
autoencoder_variables/zeros_1: (Const): /job:localhost/replica:0/task:0/gpu:0
autoencoder_variables/zeros: (Const): /job:localhost/replica:0/task:0/gpu:0
pretrain_1/GradientDescent/value: (Const): /job:localhost/replica:0/task:0/cpu:0
autoencoder_variables/random_uniform/shape: (Const): /job:localhost/replica:0/task:0/gpu:0
autoencoder_variables/mul/x: (Const): /job:localhost/replica:0/task:0/gpu:0
autoencoder_variables/Mul/x: (Const): /job:localhost/replica:0/task:0/gpu:0
autoencoder_variables/Sqrt/x: (Const): /job:localhost/replica:0/task:0/gpu:0
init_1: (NoOp): /job:localhost/replica:0/task:0/gpu:0
pretrain_1/gradients/pretrain_1/Maximum_grad/zeros: (Fill): /job:localhost/replica:0/task:0/gpu:0
pretrain_1/gradients/pretrain_1/Maximum_grad/BroadcastGradientArgs: (BroadcastGradientArgs): /job:localhost/replica:0/task:0/gpu:0
pretrain_1/gradients/pretrain_1/Minimum_grad/zeros: (Fill): /job:localhost/replica:0/task:0/gpu:0
pretrain_1/gradients/pretrain_1/Minimum_grad/BroadcastGradientArgs: (BroadcastGradientArgs): /job:localhost/replica:0/task:0/gpu:0
pretrain_1/gradients/pretrain_1/xentropy_loss/sub_grad/BroadcastGradientArgs: (BroadcastGradientArgs): /job:localhost/replica:0/task:0/gpu:0
pretrain_1/gradients/pretrain_1/xentropy_loss/Mul_1_grad/BroadcastGradientArgs: (BroadcastGradientArgs): /job:localhost/replica:0/task:0/gpu:0
pretrain_1/gradients/pretrain_1/xentropy_loss/Mul_grad/BroadcastGradientArgs: (BroadcastGradientArgs): /job:localhost/replica:0/task:0/gpu:0
pretrain_1/gradients/pretrain_1/xentropy_loss/Add_grad/BroadcastGradientArgs: (BroadcastGradientArgs): /job:localhost/replica:0/task:0/gpu:0
pretrain_1/gradients/pretrain_1/xentropy_loss/Sum_grad/Fill: (Fill): /job:localhost/replica:0/task:0/gpu:0
pretrain_1/gradients/pretrain_1/xentropy_loss/Sum_grad/range: (Range): /job:localhost/replica:0/task:0/gpu:0
pretrain_1/gradients/pretrain_1/xentropy_loss/xentropy_mean_grad/Prod_1: (Prod): /job:localhost/replica:0/task:0/gpu:0
pretrain_1/gradients/pretrain_1/xentropy_loss/xentropy_mean_grad/Maximum: (Maximum): /job:localhost/replica:0/task:0/gpu:0
pretrain_1/gradients/pretrain_1/xentropy_loss/xentropy_mean_grad/Prod: (Prod): /job:localhost/replica:0/task:0/gpu:0
pretrain_1/gradients/pretrain_1/xentropy_loss/xentropy_mean_grad/floordiv: (FloorDiv): /job:localhost/replica:0/task:0/gpu:0
pretrain_1/gradients/pretrain_1/xentropy_loss/xentropy_mean_grad/Cast: (Cast): /job:localhost/replica:0/task:0/gpu:0
pretrain_1/gradients/pretrain_1/xentropy_loss/mul_grad/BroadcastGradientArgs: (BroadcastGradientArgs): /job:localhost/replica:0/task:0/gpu:0
pretrain_1/gradients/Fill: (Fill): /job:localhost/replica:0/task:0/gpu:0
pretrain_1/global_step: (VariableV2): /job:localhost/replica:0/task:0/cpu:0
pretrain_1/global_step/read: (Identity): /job:localhost/replica:0/task:0/cpu:0
pretrain_1/global_step/Assign: (Assign): /job:localhost/replica:0/task:0/cpu:0
pretrain_1/init: (NoOp): /job:localhost/replica:0/task:0/gpu:0
pretrain_1/gradients/pretrain_1/xentropy_loss/mul_grad/mul_1: (Mul): /job:localhost/replica:0/task:0/gpu:0
pretrain_1/gradients/pretrain_1/xentropy_loss/mul_grad/Sum_1: (Sum): /job:localhost/replica:0/task:0/gpu:0
pretrain_1/gradients/pretrain_1/xentropy_loss/mul_grad/Reshape_1: (Reshape): /job:localhost/replica:0/task:0/gpu:0
pretrain_1/gradients/pretrain_1/xentropy_loss/Sum_grad/add: (Add): /job:localhost/replica:0/task:0/gpu:0
pretrain_1/gradients/pretrain_1/xentropy_loss/Sum_grad/mod: (FloorMod): /job:localhost/replica:0/task:0/gpu:0
pretrain_1/gradients/pretrain_1/xentropy_loss/Sum_grad/DynamicStitch: (DynamicStitch): /job:localhost/replica:0/task:0/gpu:0
pretrain_1/gradients/pretrain_1/xentropy_loss/Sum_grad/Maximum: (Maximum): /job:localhost/replica:0/task:0/gpu:0
pretrain_1/gradients/pretrain_1/xentropy_loss/Sum_grad/floordiv: (FloorDiv): /job:localhost/replica:0/task:0/gpu:0
pretrain_1/xentropy_loss/sub_1: (Sub): /job:localhost/replica:0/task:0/gpu:0
autoencoder_variables/biases3: (VariableV2): /job:localhost/replica:0/task:0/gpu:0
autoencoder_variables/biases3/read: (Identity): /job:localhost/replica:0/task:0/gpu:0
autoencoder_variables/biases3/Assign: (Assign): /job:localhost/replica:0/task:0/gpu:0
autoencoder_variables/weights3: (VariableV2): /job:localhost/replica:0/task:0/gpu:0
autoencoder_variables/weights3/read: (Identity): /job:localhost/replica:0/task:0/gpu:0
autoencoder_variables/random_uniform_2/RandomUniform: (RandomUniform): /job:localhost/replica:0/task:0/gpu:0
autoencoder_variables/Sqrt_2: (Sqrt): /job:localhost/replica:0/task:0/gpu:0
autoencoder_variables/Mul_2: (Mul): /job:localhost/replica:0/task:0/gpu:0
autoencoder_variables/mul_2: (Mul): /job:localhost/replica:0/task:0/gpu:0
autoencoder_variables/random_uniform_2/sub: (Sub): /job:localhost/replica:0/task:0/gpu:0
autoencoder_variables/random_uniform_2/mul: (Mul): /job:localhost/replica:0/task:0/gpu:0
autoencoder_variables/random_uniform_2: (Add): /job:localhost/replica:0/task:0/gpu:0
autoencoder_variables/weights3/Assign: (Assign): /job:localhost/replica:0/task:0/gpu:0
autoencoder_variables/biases2_out: (VariableV2): /job:localhost/replica:0/task:0/gpu:0
autoencoder_variables/biases2_out/read: (Identity): /job:localhost/replica:0/task:0/gpu:0
autoencoder_variables/biases2_out/Assign: (Assign): /job:localhost/replica:0/task:0/gpu:0
autoencoder_variables/biases2_fixed: (VariableV2): /job:localhost/replica:0/task:0/gpu:0
autoencoder_variables/biases2_fixed/read: (Identity): /job:localhost/replica:0/task:0/gpu:0
autoencoder_variables/weights2_fixed: (VariableV2): /job:localhost/replica:0/task:0/gpu:0
autoencoder_variables/weights2_fixed/read: (Identity): /job:localhost/replica:0/task:0/gpu:0
autoencoder_variables/biases2: (VariableV2): /job:localhost/replica:0/task:0/gpu:0
autoencoder_variables/biases2/read: (Identity): /job:localhost/replica:0/task:0/gpu:0
autoencoder_variables/Identity_3: (Identity): /job:localhost/replica:0/task:0/gpu:0
autoencoder_variables/biases2_fixed/Assign: (Assign): /job:localhost/replica:0/task:0/gpu:0
autoencoder_variables/biases2/Assign: (Assign): /job:localhost/replica:0/task:0/gpu:0
autoencoder_variables/weights2: (VariableV2): /job:localhost/replica:0/task:0/gpu:0
autoencoder_variables/weights2/read: (Identity): /job:localhost/replica:0/task:0/gpu:0
autoencoder_variables/Identity_2: (Identity): /job:localhost/replica:0/task:0/gpu:0
autoencoder_variables/weights2_fixed/Assign: (Assign): /job:localhost/replica:0/task:0/gpu:0
autoencoder_variables/random_uniform_1/RandomUniform: (RandomUniform): /job:localhost/replica:0/task:0/gpu:0
autoencoder_variables/Sqrt_1: (Sqrt): /job:localhost/replica:0/task:0/gpu:0
autoencoder_variables/Mul_1: (Mul): /job:localhost/replica:0/task:0/gpu:0
autoencoder_variables/mul_1: (Mul): /job:localhost/replica:0/task:0/gpu:0
autoencoder_variables/random_uniform_1/sub: (Sub): /job:localhost/replica:0/task:0/gpu:0
autoencoder_variables/random_uniform_1/mul: (Mul): /job:localhost/replica:0/task:0/gpu:0
autoencoder_variables/random_uniform_1: (Add): /job:localhost/replica:0/task:0/gpu:0
autoencoder_variables/weights2/Assign: (Assign): /job:localhost/replica:0/task:0/gpu:0
autoencoder_variables/biases1_out: (VariableV2): /job:localhost/replica:0/task:0/gpu:0
autoencoder_variables/biases1_out/read: (Identity): /job:localhost/replica:0/task:0/gpu:0
autoencoder_variables/biases1_out/Assign: (Assign): /job:localhost/replica:0/task:0/gpu:0
autoencoder_variables/biases1_fixed: (VariableV2): /job:localhost/replica:0/task:0/gpu:0
autoencoder_variables/biases1_fixed/read: (Identity): /job:localhost/replica:0/task:0/gpu:0
autoencoder_variables/weights1_fixed: (VariableV2): /job:localhost/replica:0/task:0/gpu:0
autoencoder_variables/weights1_fixed/read: (Identity): /job:localhost/replica:0/task:0/gpu:0
autoencoder_variables/biases1: (VariableV2): /job:localhost/replica:0/task:0/gpu:0
autoencoder_variables/biases1/read: (Identity): /job:localhost/replica:0/task:0/gpu:0
autoencoder_variables/Identity_1: (Identity): /job:localhost/replica:0/task:0/gpu:0
autoencoder_variables/biases1_fixed/Assign: (Assign): /job:localhost/replica:0/task:0/gpu:0
autoencoder_variables/biases1/Assign: (Assign): /job:localhost/replica:0/task:0/gpu:0
autoencoder_variables/weights1: (VariableV2): /job:localhost/replica:0/task:0/gpu:0
autoencoder_variables/weights1/read: (Identity): /job:localhost/replica:0/task:0/gpu:0
pretrain_1/MatMul: (MatMul): /job:localhost/replica:0/task:0/gpu:0
pretrain_1/BiasAdd: (BiasAdd): /job:localhost/replica:0/task:0/gpu:0
pretrain_1/Sigmoid: (Sigmoid): /job:localhost/replica:0/task:0/gpu:0
pretrain_1/MatMul_1: (MatMul): /job:localhost/replica:0/task:0/gpu:0
pretrain_1/BiasAdd_1: (BiasAdd): /job:localhost/replica:0/task:0/gpu:0
pretrain_1/Sigmoid_1: (Sigmoid): /job:localhost/replica:0/task:0/gpu:0
pretrain_1/gradients/pretrain_1/Maximum_grad/GreaterEqual: (GreaterEqual): /job:localhost/replica:0/task:0/gpu:0
pretrain_1/gradients/pretrain_1/Maximum_grad/LogicalNot: (LogicalNot): /job:localhost/replica:0/task:0/gpu:0
pretrain_1/Maximum: (Maximum): /job:localhost/replica:0/task:0/gpu:0
pretrain_1/gradients/pretrain_1/Minimum_grad/LessEqual: (LessEqual): /job:localhost/replica:0/task:0/gpu:0
pretrain_1/gradients/pretrain_1/Minimum_grad/LogicalNot: (LogicalNot): /job:localhost/replica:0/task:0/gpu:0
pretrain_1/Minimum: (Minimum): /job:localhost/replica:0/task:0/gpu:0
pretrain_1/xentropy_loss/sub: (Sub): /job:localhost/replica:0/task:0/gpu:0
pretrain_1/xentropy_loss/Log: (Log): /job:localhost/replica:0/task:0/gpu:0
pretrain_1/xentropy_loss/Mul_1: (Mul): /job:localhost/replica:0/task:0/gpu:0
pretrain_1/xentropy_loss/log_output: (Log): /job:localhost/replica:0/task:0/gpu:0
pretrain_1/xentropy_loss/Mul: (Mul): /job:localhost/replica:0/task:0/gpu:0
pretrain_1/xentropy_loss/Add: (Add): /job:localhost/replica:0/task:0/gpu:0
pretrain_1/xentropy_loss/Sum: (Sum): /job:localhost/replica:0/task:0/gpu:0
pretrain_1/xentropy_loss/xentropy_mean: (Mean): /job:localhost/replica:0/task:0/gpu:0
pretrain_1/gradients/pretrain_1/xentropy_loss/mul_grad/mul: (Mul): /job:localhost/replica:0/task:0/gpu:0
pretrain_1/gradients/pretrain_1/xentropy_loss/mul_grad/Sum: (Sum): /job:localhost/replica:0/task:0/gpu:0
pretrain_1/gradients/pretrain_1/xentropy_loss/mul_grad/Reshape: (Reshape): /job:localhost/replica:0/task:0/gpu:0
pretrain_1/gradients/pretrain_1/xentropy_loss/mul_grad/tuple/group_deps: (NoOp): /job:localhost/replica:0/task:0/gpu:0
pretrain_1/gradients/pretrain_1/xentropy_loss/mul_grad/tuple/control_dependency_1: (Identity): /job:localhost/replica:0/task:0/gpu:0
pretrain_1/gradients/pretrain_1/xentropy_loss/xentropy_mean_grad/Reshape: (Reshape): /job:localhost/replica:0/task:0/gpu:0
pretrain_1/gradients/pretrain_1/xentropy_loss/xentropy_mean_grad/Tile: (Tile): /job:localhost/replica:0/task:0/gpu:0
pretrain_1/gradients/pretrain_1/xentropy_loss/xentropy_mean_grad/truediv: (RealDiv): /job:localhost/replica:0/task:0/gpu:0
pretrain_1/gradients/pretrain_1/xentropy_loss/Sum_grad/Reshape: (Reshape): /job:localhost/replica:0/task:0/gpu:0
pretrain_1/gradients/pretrain_1/xentropy_loss/Sum_grad/Tile: (Tile): /job:localhost/replica:0/task:0/gpu:0
pretrain_1/gradients/pretrain_1/xentropy_loss/Add_grad/Sum_1: (Sum): /job:localhost/replica:0/task:0/gpu:0
pretrain_1/gradients/pretrain_1/xentropy_loss/Add_grad/Reshape_1: (Reshape): /job:localhost/replica:0/task:0/gpu:0
pretrain_1/gradients/pretrain_1/xentropy_loss/Add_grad/Sum: (Sum): /job:localhost/replica:0/task:0/gpu:0
pretrain_1/gradients/pretrain_1/xentropy_loss/Add_grad/Reshape: (Reshape): /job:localhost/replica:0/task:0/gpu:0
pretrain_1/gradients/pretrain_1/xentropy_loss/Add_grad/tuple/group_deps: (NoOp): /job:localhost/replica:0/task:0/gpu:0
pretrain_1/gradients/pretrain_1/xentropy_loss/Add_grad/tuple/control_dependency_1: (Identity): /job:localhost/replica:0/task:0/gpu:0
pretrain_1/gradients/pretrain_1/xentropy_loss/Mul_1_grad/mul_1: (Mul): /job:localhost/replica:0/task:0/gpu:0
pretrain_1/gradients/pretrain_1/xentropy_loss/Mul_1_grad/Sum_1: (Sum): /job:localhost/replica:0/task:0/gpu:0
pretrain_1/gradients/pretrain_1/xentropy_loss/Mul_1_grad/Reshape_1: (Reshape): /job:localhost/replica:0/task:0/gpu:0
pretrain_1/gradients/pretrain_1/xentropy_loss/Mul_1_grad/mul: (Mul): /job:localhost/replica:0/task:0/gpu:0
pretrain_1/gradients/pretrain_1/xentropy_loss/Mul_1_grad/Sum: (Sum): /job:localhost/replica:0/task:0/gpu:0
pretrain_1/gradients/pretrain_1/xentropy_loss/Mul_1_grad/Reshape: (Reshape): /job:localhost/replica:0/task:0/gpu:0
pretrain_1/gradients/pretrain_1/xentropy_loss/Mul_1_grad/tuple/group_deps: (NoOp): /job:localhost/replica:0/task:0/gpu:0
pretrain_1/gradients/pretrain_1/xentropy_loss/Mul_1_grad/tuple/control_dependency_1: (Identity): /job:localhost/replica:0/task:0/gpu:0
pretrain_1/gradients/pretrain_1/xentropy_loss/Mul_1_grad/tuple/control_dependency: (Identity): /job:localhost/replica:0/task:0/gpu:0
pretrain_1/gradients/pretrain_1/xentropy_loss/Log_grad/Reciprocal: (Reciprocal): /job:localhost/replica:0/task:0/gpu:0
pretrain_1/gradients/pretrain_1/xentropy_loss/Log_grad/mul: (Mul): /job:localhost/replica:0/task:0/gpu:0
pretrain_1/gradients/pretrain_1/xentropy_loss/sub_grad/Sum_1: (Sum): /job:localhost/replica:0/task:0/gpu:0
pretrain_1/gradients/pretrain_1/xentropy_loss/sub_grad/Neg: (Neg): /job:localhost/replica:0/task:0/gpu:0
pretrain_1/gradients/pretrain_1/xentropy_loss/sub_grad/Reshape_1: (Reshape): /job:localhost/replica:0/task:0/gpu:0
pretrain_1/gradients/pretrain_1/xentropy_loss/sub_grad/Sum: (Sum): /job:localhost/replica:0/task:0/gpu:0
pretrain_1/gradients/pretrain_1/xentropy_loss/sub_grad/Reshape: (Reshape): /job:localhost/replica:0/task:0/gpu:0
pretrain_1/gradients/pretrain_1/xentropy_loss/sub_grad/tuple/group_deps: (NoOp): /job:localhost/replica:0/task:0/gpu:0
pretrain_1/gradients/pretrain_1/xentropy_loss/sub_grad/tuple/control_dependency_1: (Identity): /job:localhost/replica:0/task:0/gpu:0
pretrain_1/gradients/pretrain_1/xentropy_loss/sub_grad/tuple/control_dependency: (Identity): /job:localhost/replica:0/task:0/gpu:0
pretrain_1/gradients/pretrain_1/xentropy_loss/Add_grad/tuple/control_dependency: (Identity): /job:localhost/replica:0/task:0/gpu:0
pretrain_1/gradients/pretrain_1/xentropy_loss/Mul_grad/mul_1: (Mul): /job:localhost/replica:0/task:0/gpu:0
pretrain_1/gradients/pretrain_1/xentropy_loss/Mul_grad/Sum_1: (Sum): /job:localhost/replica:0/task:0/gpu:0
pretrain_1/gradients/pretrain_1/xentropy_loss/Mul_grad/Reshape_1: (Reshape): /job:localhost/replica:0/task:0/gpu:0
pretrain_1/gradients/pretrain_1/xentropy_loss/Mul_grad/mul: (Mul): /job:localhost/replica:0/task:0/gpu:0
pretrain_1/gradients/pretrain_1/xentropy_loss/Mul_grad/Sum: (Sum): /job:localhost/replica:0/task:0/gpu:0
pretrain_1/gradients/pretrain_1/xentropy_loss/Mul_grad/Reshape: (Reshape): /job:localhost/replica:0/task:0/gpu:0
pretrain_1/gradients/pretrain_1/xentropy_loss/Mul_grad/tuple/group_deps: (NoOp): /job:localhost/replica:0/task:0/gpu:0
pretrain_1/gradients/pretrain_1/xentropy_loss/Mul_grad/tuple/control_dependency_1: (Identity): /job:localhost/replica:0/task:0/gpu:0
pretrain_1/gradients/pretrain_1/xentropy_loss/Mul_grad/tuple/control_dependency: (Identity): /job:localhost/replica:0/task:0/gpu:0
pretrain_1/gradients/pretrain_1/xentropy_loss/log_output_grad/Reciprocal: (Reciprocal): /job:localhost/replica:0/task:0/gpu:0
pretrain_1/gradients/pretrain_1/xentropy_loss/log_output_grad/mul: (Mul): /job:localhost/replica:0/task:0/gpu:0
pretrain_1/gradients/AddN: (AddN): /job:localhost/replica:0/task:0/gpu:0
pretrain_1/gradients/pretrain_1/Minimum_grad/Select_1: (Select): /job:localhost/replica:0/task:0/gpu:0
pretrain_1/gradients/pretrain_1/Minimum_grad/Sum_1: (Sum): /job:localhost/replica:0/task:0/gpu:0
pretrain_1/gradients/pretrain_1/Minimum_grad/Reshape_1: (Reshape): /job:localhost/replica:0/task:0/gpu:0
pretrain_1/gradients/pretrain_1/Minimum_grad/Select: (Select): /job:localhost/replica:0/task:0/gpu:0
pretrain_1/gradients/pretrain_1/Minimum_grad/Sum: (Sum): /job:localhost/replica:0/task:0/gpu:0
pretrain_1/gradients/pretrain_1/Minimum_grad/Reshape: (Reshape): /job:localhost/replica:0/task:0/gpu:0
pretrain_1/gradients/pretrain_1/Minimum_grad/tuple/group_deps: (NoOp): /job:localhost/replica:0/task:0/gpu:0
pretrain_1/gradients/pretrain_1/Minimum_grad/tuple/control_dependency_1: (Identity): /job:localhost/replica:0/task:0/gpu:0
pretrain_1/gradients/pretrain_1/Minimum_grad/tuple/control_dependency: (Identity): /job:localhost/replica:0/task:0/gpu:0
pretrain_1/gradients/pretrain_1/Maximum_grad/Select_1: (Select): /job:localhost/replica:0/task:0/gpu:0
pretrain_1/gradients/pretrain_1/Maximum_grad/Sum_1: (Sum): /job:localhost/replica:0/task:0/gpu:0
pretrain_1/gradients/pretrain_1/Maximum_grad/Reshape_1: (Reshape): /job:localhost/replica:0/task:0/gpu:0
pretrain_1/gradients/pretrain_1/Maximum_grad/Select: (Select): /job:localhost/replica:0/task:0/gpu:0
pretrain_1/gradients/pretrain_1/Maximum_grad/Sum: (Sum): /job:localhost/replica:0/task:0/gpu:0
pretrain_1/gradients/pretrain_1/Maximum_grad/Reshape: (Reshape): /job:localhost/replica:0/task:0/gpu:0
pretrain_1/gradients/pretrain_1/Maximum_grad/tuple/group_deps: (NoOp): /job:localhost/replica:0/task:0/gpu:0
pretrain_1/gradients/pretrain_1/Maximum_grad/tuple/control_dependency_1: (Identity): /job:localhost/replica:0/task:0/gpu:0
pretrain_1/gradients/pretrain_1/Maximum_grad/tuple/control_dependency: (Identity): /job:localhost/replica:0/task:0/gpu:0
pretrain_1/gradients/pretrain_1/Sigmoid_1_grad/SigmoidGrad: (SigmoidGrad): /job:localhost/replica:0/task:0/gpu:0
pretrain_1/gradients/pretrain_1/BiasAdd_1_grad/BiasAddGrad: (BiasAddGrad): /job:localhost/replica:0/task:0/gpu:0
pretrain_1/gradients/pretrain_1/BiasAdd_1_grad/tuple/group_deps: (NoOp): /job:localhost/replica:0/task:0/gpu:0
pretrain_1/gradients/pretrain_1/BiasAdd_1_grad/tuple/control_dependency_1: (Identity): /job:localhost/replica:0/task:0/gpu:0
pretrain_1/GradientDescent/update_autoencoder_variables/biases1_out/ApplyGradientDescent: (ApplyGradientDescent): /job:localhost/replica:0/task:0/gpu:0
pretrain_1/gradients/pretrain_1/BiasAdd_1_grad/tuple/control_dependency: (Identity): /job:localhost/replica:0/task:0/gpu:0
pretrain_1/gradients/pretrain_1/MatMul_1_grad/MatMul_1: (MatMul): /job:localhost/replica:0/task:0/gpu:0
pretrain_1/gradients/pretrain_1/MatMul_1_grad/MatMul: (MatMul): /job:localhost/replica:0/task:0/gpu:0
pretrain_1/gradients/pretrain_1/MatMul_1_grad/tuple/group_deps: (NoOp): /job:localhost/replica:0/task:0/gpu:0
pretrain_1/gradients/pretrain_1/MatMul_1_grad/tuple/control_dependency_1: (Identity): /job:localhost/replica:0/task:0/gpu:0
pretrain_1/gradients/pretrain_1/MatMul_1_grad/tuple/control_dependency: (Identity): /job:localhost/replica:0/task:0/gpu:0
pretrain_1/gradients/pretrain_1/Sigmoid_grad/SigmoidGrad: (SigmoidGrad): /job:localhost/replica:0/task:0/gpu:0
pretrain_1/gradients/pretrain_1/BiasAdd_grad/BiasAddGrad: (BiasAddGrad): /job:localhost/replica:0/task:0/gpu:0
pretrain_1/gradients/pretrain_1/BiasAdd_grad/tuple/group_deps: (NoOp): /job:localhost/replica:0/task:0/gpu:0
pretrain_1/gradients/pretrain_1/BiasAdd_grad/tuple/control_dependency_1: (Identity): /job:localhost/replica:0/task:0/gpu:0
pretrain_1/GradientDescent/update_autoencoder_variables/biases1/ApplyGradientDescent: (ApplyGradientDescent): /job:localhost/replica:0/task:0/gpu:0
pretrain_1/gradients/pretrain_1/BiasAdd_grad/tuple/control_dependency: (Identity): /job:localhost/replica:0/task:0/gpu:0
pretrain_1/gradients/pretrain_1/MatMul_grad/MatMul_1: (MatMul): /job:localhost/replica:0/task:0/gpu:0
pretrain_1/gradients/pretrain_1/MatMul_grad/MatMul: (MatMul): /job:localhost/replica:0/task:0/gpu:0
pretrain_1/gradients/pretrain_1/MatMul_grad/tuple/group_deps: (NoOp): /job:localhost/replica:0/task:0/gpu:0
pretrain_1/gradients/pretrain_1/MatMul_grad/tuple/control_dependency_1: (Identity): /job:localhost/replica:0/task:0/gpu:0
pretrain_1/gradients/AddN_1: (AddN): /job:localhost/replica:0/task:0/gpu:0
pretrain_1/GradientDescent/update_autoencoder_variables/weights1/ApplyGradientDescent: (ApplyGradientDescent): /job:localhost/replica:0/task:0/gpu:0
pretrain_1/GradientDescent/update: (NoOp): /job:localhost/replica:0/task:0/gpu:0
pretrain_1/GradientDescent: (AssignAdd): /job:localhost/replica:0/task:0/cpu:0
pretrain_1/gradients/pretrain_1/MatMul_grad/tuple/control_dependency: (Identity): /job:localhost/replica:0/task:0/gpu:0
pretrain_1/gradients/pretrain_1/xentropy_loss/mul_grad/tuple/control_dependency: (Identity): /job:localhost/replica:0/task:0/gpu:0
pretrain_1/xentropy_loss/mul: (Mul): /job:localhost/replica:0/task:0/gpu:0
autoencoder_variables/Identity: (Identity): /job:localhost/replica:0/task:0/gpu:0
autoencoder_variables/weights1_fixed/Assign: (Assign): /job:localhost/replica:0/task:0/gpu:0
init_2: (NoOp): /job:localhost/replica:0/task:0/gpu:0
autoencoder_variables/random_uniform/RandomUniform: (RandomUniform): /job:localhost/replica:0/task:0/gpu:0
autoencoder_variables/Sqrt: (Sqrt): /job:localhost/replica:0/task:0/gpu:0
autoencoder_variables/Mul: (Mul): /job:localhost/replica:0/task:0/gpu:0
autoencoder_variables/mul: (Mul): /job:localhost/replica:0/task:0/gpu:0
autoencoder_variables/random_uniform/sub: (Sub): /job:localhost/replica:0/task:0/gpu:0
autoencoder_variables/random_uniform/mul: (Mul): /job:localhost/replica:0/task:0/gpu:0
autoencoder_variables/random_uniform: (Add): /job:localhost/replica:0/task:0/gpu:0
autoencoder_variables/weights1/Assign: (Assign): /job:localhost/replica:0/task:0/gpu:0
init: (NoOp): /job:localhost/replica:0/task:0/gpu:0
pretrain_1/GradientDescent/learning_rate: (Const): /job:localhost/replica:0/task:0/gpu:0
pretrain_1/gradients/pretrain_1/Maximum_grad/zeros/Const: (Const): /job:localhost/replica:0/task:0/gpu:0
pretrain_1/gradients/pretrain_1/Maximum_grad/Shape_2: (Const): /job:localhost/replica:0/task:0/gpu:0
pretrain_1/gradients/pretrain_1/Maximum_grad/Shape_1: (Const): /job:localhost/replica:0/task:0/gpu:0
pretrain_1/gradients/pretrain_1/Maximum_grad/Shape: (Const): /job:localhost/replica:0/task:0/gpu:0
pretrain_1/gradients/pretrain_1/Minimum_grad/zeros/Const: (Const): /job:localhost/replica:0/task:0/gpu:0
pretrain_1/gradients/pretrain_1/Minimum_grad/Shape_2: (Const): /job:localhost/replica:0/task:0/gpu:0
pretrain_1/gradients/pretrain_1/Minimum_grad/Shape_1: (Const): /job:localhost/replica:0/task:0/gpu:0
pretrain_1/gradients/pretrain_1/Minimum_grad/Shape: (Const): /job:localhost/replica:0/task:0/gpu:0
pretrain_1/gradients/pretrain_1/xentropy_loss/sub_grad/Shape_1: (Const): /job:localhost/replica:0/task:0/gpu:0
pretrain_1/gradients/pretrain_1/xentropy_loss/sub_grad/Shape: (Const): /job:localhost/replica:0/task:0/gpu:0
pretrain_1/gradients/pretrain_1/xentropy_loss/Mul_1_grad/Shape_1: (Const): /job:localhost/replica:0/task:0/gpu:0
pretrain_1/gradients/pretrain_1/xentropy_loss/Mul_1_grad/Shape: (Const): /job:localhost/replica:0/task:0/gpu:0
pretrain_1/gradients/pretrain_1/xentropy_loss/Mul_grad/Shape_1: (Const): /job:localhost/replica:0/task:0/gpu:0
pretrain_1/gradients/pretrain_1/xentropy_loss/Mul_grad/Shape: (Const): /job:localhost/replica:0/task:0/gpu:0
pretrain_1/gradients/pretrain_1/xentropy_loss/Add_grad/Shape_1: (Const): /job:localhost/replica:0/task:0/gpu:0
pretrain_1/gradients/pretrain_1/xentropy_loss/Add_grad/Shape: (Const): /job:localhost/replica:0/task:0/gpu:0
pretrain_1/gradients/pretrain_1/xentropy_loss/Sum_grad/Maximum/y: (Const): /job:localhost/replica:0/task:0/gpu:0
pretrain_1/gradients/pretrain_1/xentropy_loss/Sum_grad/Fill/value: (Const): /job:localhost/replica:0/task:0/gpu:0
pretrain_1/gradients/pretrain_1/xentropy_loss/Sum_grad/range/delta: (Const): /job:localhost/replica:0/task:0/gpu:0
pretrain_1/gradients/pretrain_1/xentropy_loss/Sum_grad/range/start: (Const): /job:localhost/replica:0/task:0/gpu:0
pretrain_1/gradients/pretrain_1/xentropy_loss/Sum_grad/Shape_1: (Const): /job:localhost/replica:0/task:0/gpu:0
pretrain_1/gradients/pretrain_1/xentropy_loss/Sum_grad/Size: (Const): /job:localhost/replica:0/task:0/gpu:0
pretrain_1/gradients/pretrain_1/xentropy_loss/Sum_grad/Shape: (Const): /job:localhost/replica:0/task:0/gpu:0
pretrain_1/gradients/pretrain_1/xentropy_loss/xentropy_mean_grad/Maximum/y: (Const): /job:localhost/replica:0/task:0/gpu:0
pretrain_1/gradients/pretrain_1/xentropy_loss/xentropy_mean_grad/Const_1: (Const): /job:localhost/replica:0/task:0/gpu:0
pretrain_1/gradients/pretrain_1/xentropy_loss/xentropy_mean_grad/Const: (Const): /job:localhost/replica:0/task:0/gpu:0
pretrain_1/gradients/pretrain_1/xentropy_loss/xentropy_mean_grad/Shape_1: (Const): /job:localhost/replica:0/task:0/gpu:0
pretrain_1/gradients/pretrain_1/xentropy_loss/xentropy_mean_grad/Shape: (Const): /job:localhost/replica:0/task:0/gpu:0
pretrain_1/gradients/pretrain_1/xentropy_loss/xentropy_mean_grad/Tile/multiples: (Const): /job:localhost/replica:0/task:0/gpu:0
pretrain_1/gradients/pretrain_1/xentropy_loss/xentropy_mean_grad/Reshape/shape: (Const): /job:localhost/replica:0/task:0/gpu:0
pretrain_1/gradients/pretrain_1/xentropy_loss/mul_grad/Shape_1: (Const): /job:localhost/replica:0/task:0/gpu:0
pretrain_1/gradients/pretrain_1/xentropy_loss/mul_grad/Shape: (Const): /job:localhost/replica:0/task:0/gpu:0
pretrain_1/gradients/Const: (Const): /job:localhost/replica:0/task:0/gpu:0
pretrain_1/gradients/Shape: (Const): /job:localhost/replica:0/task:0/gpu:0
pretrain_1/global_step/initial_value: (Const): /job:localhost/replica:0/task:0/cpu:0
pretrain_1/xentropy_loss/mul/x: (Const): /job:localhost/replica:0/task:0/gpu:0
pretrain_1/xentropy_loss/Const: (Const): /job:localhost/replica:0/task:0/gpu:0
pretrain_1/xentropy_loss/Sum/reduction_indices: (Const): /job:localhost/replica:0/task:0/gpu:0
pretrain_1/xentropy_loss/sub_1/x: (Const): /job:localhost/replica:0/task:0/gpu:0
pretrain_1/xentropy_loss/sub/x: (Const): /job:localhost/replica:0/task:0/gpu:0
pretrain_1/Minimum/y: (Const): /job:localhost/replica:0/task:0/gpu:0
pretrain_1/Maximum/y: (Const): /job:localhost/replica:0/task:0/gpu:0
pretrain_1/ae_target_pl: (Placeholder): /job:localhost/replica:0/task:0/gpu:0
pretrain_1/ae_input_pl: (Placeholder): /job:localhost/replica:0/task:0/gpu:0
autoencoder_variables/zeros_4: (Const): /job:localhost/replica:0/task:0/gpu:0
autoencoder_variables/random_uniform_2/shape: (Const): /job:localhost/replica:0/task:0/gpu:0
autoencoder_variables/mul_2/x: (Const): /job:localhost/replica:0/task:0/gpu:0
autoencoder_variables/Mul_2/x: (Const): /job:localhost/replica:0/task:0/gpu:0
autoencoder_variables/Sqrt_2/x: (Const): /job:localhost/replica:0/task:0/gpu:0
autoencoder_variables/zeros_3: (Const): /job:localhost/replica:0/task:0/gpu:0
autoencoder_variables/zeros_2: (Const): /job:localhost/replica:0/task:0/gpu:0
autoencoder_variables/random_uniform_1/shape: (Const): /job:localhost/replica:0/task:0/gpu:0
autoencoder_variables/mul_1/x: (Const): /job:localhost/replica:0/task:0/gpu:0
autoencoder_variables/Mul_1/x: (Const): /job:localhost/replica:0/task:0/gpu:0
autoencoder_variables/Sqrt_1/x: (Const): /job:localhost/replica:0/task:0/gpu:0
autoencoder_variables/zeros_1: (Const): /job:localhost/replica:0/task:0/gpu:0
autoencoder_variables/zeros: (Const): /job:localhost/replica:0/task:0/gpu:0
pretrain_1/GradientDescent/value: (Const): /job:localhost/replica:0/task:0/cpu:0
autoencoder_variables/random_uniform/shape: (Const): /job:localhost/replica:0/task:0/gpu:0
autoencoder_variables/mul/x: (Const): /job:localhost/replica:0/task:0/gpu:0
autoencoder_variables/Mul/x: (Const): /job:localhost/replica:0/task:0/gpu:0
autoencoder_variables/Sqrt/x: (Const): /job:localhost/replica:0/task:0/gpu:0
pretrain/gradients_1/pretrain/Maximum_1_grad/zeros: (Fill): /job:localhost/replica:0/task:0/gpu:0
pretrain/gradients_1/pretrain/Maximum_1_grad/BroadcastGradientArgs: (BroadcastGradientArgs): /job:localhost/replica:0/task:0/gpu:0
pretrain/gradients_1/pretrain/Minimum_1_grad/zeros: (Fill): /job:localhost/replica:0/task:0/gpu:0
pretrain/gradients_1/pretrain/Minimum_1_grad/BroadcastGradientArgs: (BroadcastGradientArgs): /job:localhost/replica:0/task:0/gpu:0
pretrain/gradients_1/pretrain/xentropy_loss_1/sub_grad/BroadcastGradientArgs: (BroadcastGradientArgs): /job:localhost/replica:0/task:0/gpu:0
pretrain/gradients_1/pretrain/xentropy_loss_1/Mul_1_grad/BroadcastGradientArgs: (BroadcastGradientArgs): /job:localhost/replica:0/task:0/gpu:0
pretrain/gradients_1/pretrain/xentropy_loss_1/Mul_grad/BroadcastGradientArgs: (BroadcastGradientArgs): /job:localhost/replica:0/task:0/gpu:0
pretrain/gradients_1/pretrain/xentropy_loss_1/Add_grad/BroadcastGradientArgs: (BroadcastGradientArgs): /job:localhost/replica:0/task:0/gpu:0
pretrain/gradients_1/pretrain/xentropy_loss_1/Sum_grad/Fill: (Fill): /job:localhost/replica:0/task:0/gpu:0
pretrain/gradients_1/pretrain/xentropy_loss_1/Sum_grad/range: (Range): /job:localhost/replica:0/task:0/gpu:0
pretrain/gradients_1/pretrain/xentropy_loss_1/xentropy_mean_grad/Prod_1: (Prod): /job:localhost/replica:0/task:0/gpu:0
pretrain/gradients_1/pretrain/xentropy_loss_1/xentropy_mean_grad/Maximum: (Maximum): /job:localhost/replica:0/task:0/gpu:0
pretrain/gradients_1/pretrain/xentropy_loss_1/xentropy_mean_grad/Prod: (Prod): /job:localhost/replica:0/task:0/gpu:0
pretrain/gradients_1/pretrain/xentropy_loss_1/xentropy_mean_grad/floordiv: (FloorDiv): /job:localhost/replica:0/task:0/gpu:0
pretrain/gradients_1/pretrain/xentropy_loss_1/xentropy_mean_grad/Cast: (Cast): /job:localhost/replica:0/task:0/gpu:0
pretrain/gradients_1/pretrain/xentropy_loss_1/mul_grad/BroadcastGradientArgs: (BroadcastGradientArgs): /job:localhost/replica:0/task:0/gpu:0
pretrain/gradients_1/Fill: (Fill): /job:localhost/replica:0/task:0/gpu:0
